"../../../Engine/Content/EditorResources/S_Actor.ubulk" 0
"../../../Engine/Content/EditorResources/S_Actor.uasset" 1
"../../../Engine/Content/EditorResources/S_Actor.uexp" 2
"../../../Engine/Content/EditorResources/S_BoxReflectionCapture.uasset" 3
"../../../Engine/Content/EditorResources/S_BoxReflectionCapture.uexp" 4
"../../../Engine/Content/EngineResources/DefaultTexture.ubulk" 5
"../../../Engine/Content/EngineResources/DefaultTexture.uasset" 6
"../../../Engine/Content/EngineResources/DefaultTexture.uexp" 7
"../../../Engine/Content/EngineResources/DefaultTextureCube.uasset" 8
"../../../Engine/Content/EngineResources/DefaultTextureCube.uexp" 9
"../../../Engine/Content/EngineResources/DefaultVolumeTexture2D.uasset" 10
"../../../Engine/Content/EngineResources/DefaultVolumeTexture2D.uexp" 11
"../../../Engine/Content/EngineResources/DefaultVolumeTexture.uasset" 12
"../../../Engine/Content/EngineResources/DefaultVolumeTexture.uexp" 13
"../../../Engine/Content/EditorResources/S_Trigger.ubulk" 14
"../../../Engine/Content/EditorResources/S_Trigger.uasset" 15
"../../../Engine/Content/EditorResources/S_Trigger.uexp" 16
"../../../Engine/Content/EditorResources/S_TriggerBox.uasset" 17
"../../../Engine/Content/EditorResources/S_TriggerBox.uexp" 18
"../../../Engine/Content/EditorResources/S_TriggerCapsule.uasset" 19
"../../../Engine/Content/EditorResources/S_TriggerCapsule.uexp" 20
"../../../Engine/Content/EditorResources/S_TriggerSphere.uasset" 21
"../../../Engine/Content/EditorResources/S_TriggerSphere.uexp" 22
"../../../Engine/Content/EngineMeshes/Sphere.ubulk" 23
"../../../Engine/Content/EngineMeshes/Sphere.uasset" 24
"../../../Engine/Content/EngineMeshes/Sphere.uexp" 25
"../../../Engine/Content/EngineResources/GradientTexture0.uasset" 26
"../../../Engine/Content/EngineResources/GradientTexture0.uexp" 27
"../../../Engine/Content/EngineResources/Black.uasset" 28
"../../../Engine/Content/EngineResources/Black.uexp" 29
"../../../Engine/Content/VREditor/LaserPointer/VR_LaserPower_01.ubulk" 30
"../../../Engine/Content/VREditor/LaserPointer/VR_LaserPower_01.uasset" 31
"../../../Engine/Content/VREditor/LaserPointer/VR_LaserPower_01.uexp" 32
"../../../Engine/Content/VREditor/TransformGizmo/TransformGizmoMaterial.uasset" 33
"../../../Engine/Content/VREditor/TransformGizmo/TransformGizmoMaterial.uexp" 34
"../../../Engine/Content/VREditor/TransformGizmo/TranslucentTransformGizmoMaterial.uasset" 35
"../../../Engine/Content/VREditor/TransformGizmo/TranslucentTransformGizmoMaterial.uexp" 36
"../../../Engine/Content/VREditor/TransformGizmo/PlaneTranslationHandle.ubulk" 37
"../../../Engine/Content/VREditor/TransformGizmo/PlaneTranslationHandle.uasset" 38
"../../../Engine/Content/VREditor/TransformGizmo/PlaneTranslationHandle.uexp" 39
"../../../Engine/Content/VREditor/TransformGizmo/BoundingBoxCorner.ubulk" 40
"../../../Engine/Content/VREditor/TransformGizmo/BoundingBoxCorner.uasset" 41
"../../../Engine/Content/VREditor/TransformGizmo/BoundingBoxCorner.uexp" 42
"../../../Engine/Content/VREditor/TransformGizmo/BoundingBoxEdge.ubulk" 43
"../../../Engine/Content/VREditor/TransformGizmo/BoundingBoxEdge.uasset" 44
"../../../Engine/Content/VREditor/TransformGizmo/BoundingBoxEdge.uexp" 45
"../../../Engine/Content/VREditor/TransformGizmo/Main.uasset" 46
"../../../Engine/Content/VREditor/TransformGizmo/Main.uexp" 47
"../../../Engine/Content/VREditor/TransformGizmo/Xray.uasset" 48
"../../../Engine/Content/VREditor/TransformGizmo/Xray.uexp" 49
"../../../Engine/Content/VREditor/TransformGizmo/SM_Sequencer_Node.ubulk" 50
"../../../Engine/Content/VREditor/TransformGizmo/SM_Sequencer_Node.uasset" 51
"../../../Engine/Content/VREditor/TransformGizmo/SM_Sequencer_Node.uexp" 52
"../../../Engine/Content/EditorMaterials/Camera/CineMat.uasset" 53
"../../../Engine/Content/EditorMaterials/Camera/CineMat.uexp" 54
"../../../Engine/Content/EditorMaterials/Camera/MI_CineMat_Rig.uasset" 55
"../../../Engine/Content/EditorMaterials/Camera/MI_CineMat_Rig.uexp" 56
"../../../Engine/Content/EditorMeshes/Camera/SM_CraneRig_Base.ubulk" 57
"../../../Engine/Content/EditorMeshes/Camera/SM_CraneRig_Base.uasset" 58
"../../../Engine/Content/EditorMeshes/Camera/SM_CraneRig_Base.uexp" 59
"../../../Engine/Content/EditorMeshes/Camera/SM_CraneRig_Arm.ubulk" 60
"../../../Engine/Content/EditorMeshes/Camera/SM_CraneRig_Arm.uasset" 61
"../../../Engine/Content/EditorMeshes/Camera/SM_CraneRig_Arm.uexp" 62
"../../../Engine/Content/EditorMeshes/Camera/SM_CraneRig_Mount.ubulk" 63
"../../../Engine/Content/EditorMeshes/Camera/SM_CraneRig_Mount.uasset" 64
"../../../Engine/Content/EditorMeshes/Camera/SM_CraneRig_Mount.uexp" 65
"../../../Engine/Content/EditorMeshes/Camera/SM_CraneRig_Body.ubulk" 66
"../../../Engine/Content/EditorMeshes/Camera/SM_CraneRig_Body.uasset" 67
"../../../Engine/Content/EditorMeshes/Camera/SM_CraneRig_Body.uexp" 68
"../../../Engine/Content/EditorMeshes/Camera/SM_RailRig_Track.ubulk" 69
"../../../Engine/Content/EditorMeshes/Camera/SM_RailRig_Track.uasset" 70
"../../../Engine/Content/EditorMeshes/Camera/SM_RailRig_Track.uexp" 71
"../../../Engine/Content/EditorMeshes/Camera/SM_RailRig_Mount.ubulk" 72
"../../../Engine/Content/EditorMeshes/Camera/SM_RailRig_Mount.uasset" 73
"../../../Engine/Content/EditorMeshes/Camera/SM_RailRig_Mount.uexp" 74
"../../../Engine/Content/EngineMaterials/T_Default_Material_Grid_M.ubulk" 75
"../../../Engine/Content/EngineMaterials/T_Default_Material_Grid_M.uasset" 76
"../../../Engine/Content/EngineMaterials/T_Default_Material_Grid_M.uexp" 77
"../../../Engine/Content/EngineMaterials/T_Default_Material_Grid_N.ubulk" 78
"../../../Engine/Content/EngineMaterials/T_Default_Material_Grid_N.uasset" 79
"../../../Engine/Content/EngineMaterials/T_Default_Material_Grid_N.uexp" 80
"../../../Engine/Content/Functions/Engine_MaterialFunctions01/Opacity/CameraDepthFade.uasset" 81
"../../../Engine/Content/Functions/Engine_MaterialFunctions01/Opacity/CameraDepthFade.uexp" 82
"../../../Engine/Content/EngineMaterials/WorldGridMaterial.uasset" 83
"../../../Engine/Content/EngineMaterials/WorldGridMaterial.uexp" 84
"../../../Engine/Content/ArtTools/RenderToTexture/Meshes/S_1_Unit_Plane.ubulk" 85
"../../../Engine/Content/ArtTools/RenderToTexture/Meshes/S_1_Unit_Plane.uasset" 86
"../../../Engine/Content/ArtTools/RenderToTexture/Meshes/S_1_Unit_Plane.uexp" 87
"../../../Engine/Content/EditorMaterials/ParticleSystems/PSysThumbnail_NoImage.ubulk" 88
"../../../Engine/Content/EditorMaterials/ParticleSystems/PSysThumbnail_NoImage.uasset" 89
"../../../Engine/Content/EditorMaterials/ParticleSystems/PSysThumbnail_NoImage.uexp" 90
"../../../Engine/Content/EditorMaterials/ParticleSystems/PSysThumbnail_OOD.ubulk" 91
"../../../Engine/Content/EditorMaterials/ParticleSystems/PSysThumbnail_OOD.uasset" 92
"../../../Engine/Content/EditorMaterials/ParticleSystems/PSysThumbnail_OOD.uexp" 93
"../../../Engine/Content/EditorLandscapeResources/SplineEditorMeshMat.uasset" 94
"../../../Engine/Content/EditorLandscapeResources/SplineEditorMeshMat.uexp" 95
"../../../Engine/Content/EditorLandscapeResources/SplineEditorMesh.ubulk" 96
"../../../Engine/Content/EditorLandscapeResources/SplineEditorMesh.uasset" 97
"../../../Engine/Content/EditorLandscapeResources/SplineEditorMesh.uexp" 98
"../../../Engine/Content/EditorResources/S_Solver.ubulk" 99
"../../../Engine/Content/EditorResources/S_Solver.uasset" 100
"../../../Engine/Content/EditorResources/S_Solver.uexp" 101
"../../../Engine/Plugins/Media/MediaPlate/Content/SM_MediaPlateScreen.ubulk" 102
"../../../Engine/Plugins/Media/MediaPlate/Content/SM_MediaPlateScreen.uasset" 103
"../../../Engine/Plugins/Media/MediaPlate/Content/SM_MediaPlateScreen.uexp" 104
"../../../Engine/Content/EngineMaterials/Good64x64TilingNoiseHighFreq.uasset" 105
"../../../Engine/Content/EngineMaterials/Good64x64TilingNoiseHighFreq.uexp" 106
"../../../Engine/Content/EngineMaterials/DefaultBokeh.uasset" 107
"../../../Engine/Content/EngineMaterials/DefaultBokeh.uexp" 108
"../../../Engine/Content/EngineMaterials/PreintegratedSkinBRDF.uasset" 109
"../../../Engine/Content/EngineMaterials/PreintegratedSkinBRDF.uexp" 110
"../../../Engine/Content/EngineMaterials/MiniFont.uasset" 111
"../../../Engine/Content/EngineMaterials/MiniFont.uexp" 112
"../../../Engine/Content/EngineMaterials/WeightMapPlaceholderTexture.uasset" 113
"../../../Engine/Content/EngineMaterials/WeightMapPlaceholderTexture.uexp" 114
"../../../Engine/Content/EngineMaterials/DefaultWhiteGrid.ubulk" 115
"../../../Engine/Content/EngineMaterials/DefaultWhiteGrid.uasset" 116
"../../../Engine/Content/EngineMaterials/DefaultWhiteGrid.uexp" 117
"../../../Engine/Content/EngineMaterials/DefaultMaterial.uasset" 118
"../../../Engine/Content/EngineMaterials/DefaultMaterial.uexp" 119
"../../../Engine/Content/BasicShapes/Sphere.ubulk" 120
"../../../Engine/Content/BasicShapes/Sphere.uasset" 121
"../../../Engine/Content/BasicShapes/Sphere.uexp" 122
"../../../Engine/Content/BasicShapes/Plane.ubulk" 123
"../../../Engine/Content/BasicShapes/Plane.uasset" 124
"../../../Engine/Content/BasicShapes/Plane.uexp" 125
"../../../Engine/Content/BasicShapes/Cube.ubulk" 126
"../../../Engine/Content/BasicShapes/Cube.uasset" 127
"../../../Engine/Content/BasicShapes/Cube.uexp" 128
"../../../Engine/Content/BasicShapes/Cone.ubulk" 129
"../../../Engine/Content/BasicShapes/Cone.uasset" 130
"../../../Engine/Content/BasicShapes/Cone.uexp" 131
"../../../Engine/Content/EditorLandscapeResources/DefaultAlphaTexture.uasset" 132
"../../../Engine/Content/EditorLandscapeResources/DefaultAlphaTexture.uexp" 133
"../../../Engine/Content/EditorLandscapeResources/DataLayer.uasset" 134
"../../../Engine/Content/EditorLandscapeResources/DataLayer.uexp" 135
"../../../Engine/Content/EditorMaterials/PreviewShadowIndicator.ubulk" 136
"../../../Engine/Content/EditorMaterials/PreviewShadowIndicator.uasset" 137
"../../../Engine/Content/EditorMaterials/PreviewShadowIndicator.uexp" 138
"../../../Engine/Content/EditorMaterials/PreviewShadowIndicatorMaterial.uasset" 139
"../../../Engine/Content/EditorMaterials/PreviewShadowIndicatorMaterial.uexp" 140
"../../../Engine/Content/EditorMaterials/PhAT_UnselectedMaterial.uasset" 141
"../../../Engine/Content/EditorMaterials/PhAT_UnselectedMaterial.uexp" 142
"../../../Engine/Content/EditorMaterials/PhAT_NoCollisionMaterial.uasset" 143
"../../../Engine/Content/EditorMaterials/PhAT_NoCollisionMaterial.uexp" 144
"../../../Engine/Content/Functions/Engine_MaterialFunctions02/Utility/MakeFloat4.uasset" 145
"../../../Engine/Content/Functions/Engine_MaterialFunctions02/Utility/MakeFloat4.uexp" 146
"../../../Engine/Content/Functions/Engine_MaterialFunctions02/Utility/MakeFloat3.uasset" 147
"../../../Engine/Content/Functions/Engine_MaterialFunctions02/Utility/MakeFloat3.uexp" 148
"../../../Engine/Content/Functions/Engine_MaterialFunctions02/Utility/BreakOutFloat3Components.uasset" 149
"../../../Engine/Content/Functions/Engine_MaterialFunctions02/Utility/BreakOutFloat3Components.uexp" 150
"../../../Engine/Content/EditorMaterials/WorldPartition/WorldPartitionSpatialHashGridPreviewMaterial.uasset" 151
"../../../Engine/Content/EditorMaterials/WorldPartition/WorldPartitionSpatialHashGridPreviewMaterial.uexp" 152
"../../../Engine/Content/EditorResources/S_Terrain.ubulk" 153
"../../../Engine/Content/EditorResources/S_Terrain.uasset" 154
"../../../Engine/Content/EditorResources/S_Terrain.uexp" 155
"../../../Engine/Content/EditorResources/EmptyActor.uasset" 156
"../../../Engine/Content/EditorResources/EmptyActor.uexp" 157
"../../../Engine/Content/EditorResources/BSPVertex.uasset" 158
"../../../Engine/Content/EditorResources/BSPVertex.uexp" 159
"../../../Engine/Content/EditorResources/AudioIcons/S_AudioComponent_AutoActivate.uasset" 160
"../../../Engine/Content/EditorResources/AudioIcons/S_AudioComponent_AutoActivate.uexp" 161
"../../../Engine/Content/EditorResources/SequenceRecorder/RecordingIndicator.uasset" 162
"../../../Engine/Content/EditorResources/SequenceRecorder/RecordingIndicator.uexp" 163
"../../../Engine/Content/EditorResources/SequenceRecorder/Countdown.uasset" 164
"../../../Engine/Content/EditorResources/SequenceRecorder/Countdown.uexp" 165
"../../../Engine/Content/EngineDamageTypes/DmgTypeBP_Environmental.uasset" 166
"../../../Engine/Content/EngineDamageTypes/DmgTypeBP_Environmental.uexp" 167
"../../../Engine/Content/Functions/Engine_MaterialFunctions02/Utility/CameraDirectionVector.uasset" 168
"../../../Engine/Content/Functions/Engine_MaterialFunctions02/Utility/CameraDirectionVector.uexp" 169
"../../../Engine/Content/EngineDebugMaterials/VolumeToRender.uasset" 170
"../../../Engine/Content/EngineDebugMaterials/VolumeToRender.uexp" 171
"../../../Engine/Content/EngineDebugMaterials/M_VolumeRenderSphereTracePP.uasset" 172
"../../../Engine/Content/EngineDebugMaterials/M_VolumeRenderSphereTracePP.uexp" 173
"../../../Engine/Content/EngineDebugMaterials/M_SimpleUnlitTranslucent.uasset" 174
"../../../Engine/Content/EngineDebugMaterials/M_SimpleUnlitTranslucent.uexp" 175
"../../../Engine/Content/EngineDebugMaterials/DebugMeshMaterial.uasset" 176
"../../../Engine/Content/EngineDebugMaterials/DebugMeshMaterial.uexp" 177
"../../../Engine/Content/EngineDebugMaterials/DebugEditorMaterial.uasset" 178
"../../../Engine/Content/EngineDebugMaterials/DebugEditorMaterial.uexp" 179
"../../../Engine/Content/EngineFonts/Faces/RobotoLight.uexp" 180
"../../../Engine/Content/EngineFonts/Faces/RobotoLight.uasset" 181
"../../../Engine/Content/EngineFonts/Faces/RobotoLight.ufont" 182
"../../../Engine/Content/EngineFonts/Faces/RobotoBold.uexp" 183
"../../../Engine/Content/EngineFonts/Faces/RobotoBold.uasset" 184
"../../../Engine/Content/EngineFonts/Faces/RobotoBold.ufont" 185
"../../../Engine/Content/EngineFonts/Faces/RobotoRegular.uexp" 186
"../../../Engine/Content/EngineFonts/Faces/RobotoRegular.uasset" 187
"../../../Engine/Content/EngineFonts/Faces/RobotoRegular.ufont" 188
"../../../Engine/Content/EngineFonts/Faces/DroidSansFallback.uexp" 189
"../../../Engine/Content/EngineFonts/Faces/DroidSansFallback.uasset" 190
"../../../Engine/Content/EngineFonts/Faces/DroidSansFallback.ufont" 191
"../../../Engine/Content/EngineFonts/Faces/RobotoItalic.uexp" 192
"../../../Engine/Content/EngineFonts/Faces/RobotoItalic.uasset" 193
"../../../Engine/Content/EngineFonts/Faces/RobotoItalic.ufont" 194
"../../../Engine/Content/EngineFonts/Faces/RobotoBoldItalic.uexp" 195
"../../../Engine/Content/EngineFonts/Faces/RobotoBoldItalic.uasset" 196
"../../../Engine/Content/EngineFonts/Faces/RobotoBoldItalic.ufont" 197
"../../../Engine/Content/EngineFonts/Roboto.uasset" 198
"../../../Engine/Content/EngineFonts/Roboto.uexp" 199
"../../../Engine/Content/EngineResources/WhiteSquareTexture.uasset" 200
"../../../Engine/Content/EngineResources/WhiteSquareTexture.uexp" 201
"../../../Engine/Content/EngineMaterials/Widget3DPassThrough.uasset" 202
"../../../Engine/Content/EngineMaterials/Widget3DPassThrough.uexp" 203
"../../../Engine/Content/EngineMaterials/Widget3DPassThrough_Translucent.uasset" 204
"../../../Engine/Content/EngineMaterials/Widget3DPassThrough_Translucent.uexp" 205
"../../../Engine/Content/EngineMaterials/Widget3DPassThrough_Translucent_OneSided.uasset" 206
"../../../Engine/Content/EngineMaterials/Widget3DPassThrough_Translucent_OneSided.uexp" 207
"../../../Engine/Content/EngineMaterials/Widget3DPassThrough_Opaque.uasset" 208
"../../../Engine/Content/EngineMaterials/Widget3DPassThrough_Opaque.uexp" 209
"../../../Engine/Content/EngineMaterials/Widget3DPassThrough_Opaque_OneSided.uasset" 210
"../../../Engine/Content/EngineMaterials/Widget3DPassThrough_Opaque_OneSided.uexp" 211
"../../../Engine/Content/EngineMaterials/Widget3DPassThrough_Masked_OneSided.uasset" 212
"../../../Engine/Content/EngineMaterials/Widget3DPassThrough_Masked_OneSided.uexp" 213
"../../../Engine/Content/EngineMaterials/Widget3DPassThrough_Masked.uasset" 214
"../../../Engine/Content/EngineMaterials/Widget3DPassThrough_Masked.uexp" 215
"../../../Engine/Content/EngineMaterials/STBlueNoise_vec2_128x128x64.uasset" 216
"../../../Engine/Content/EngineMaterials/STBlueNoise_vec2_128x128x64.uexp" 217
"../../../Engine/Content/EngineMaterials/STBlueNoise_scalar_128x128x64.uasset" 218
"../../../Engine/Content/EngineMaterials/STBlueNoise_scalar_128x128x64.uexp" 219
"../../../Engine/Content/EngineMaterials/RemoveSurfaceMaterial.uasset" 220
"../../../Engine/Content/EngineMaterials/RemoveSurfaceMaterial.uexp" 221
"../../../Engine/Content/EngineMaterials/DefaultCalibrationGrayscale.uasset" 222
"../../../Engine/Content/EngineMaterials/DefaultCalibrationGrayscale.uexp" 223
"../../../Engine/Content/EngineMaterials/PPM_DefaultCalibrationGrayscale.uasset" 224
"../../../Engine/Content/EngineMaterials/PPM_DefaultCalibrationGrayscale.uexp" 225
"../../../Engine/Content/EngineMaterials/DefaultCalibrationColor.uasset" 226
"../../../Engine/Content/EngineMaterials/DefaultCalibrationColor.uexp" 227
"../../../Engine/Content/EngineMaterials/PPM_DefaultCalibrationColor.uasset" 228
"../../../Engine/Content/EngineMaterials/PPM_DefaultCalibrationColor.uexp" 229
"../../../Engine/Content/Functions/Engine_MaterialFunctions02/WorldPositionOffset/CameraOffset.uasset" 230
"../../../Engine/Content/Functions/Engine_MaterialFunctions02/WorldPositionOffset/CameraOffset.uexp" 231
"../../../Engine/Content/EngineMaterials/PhAT_JointLimitMaterial.uasset" 232
"../../../Engine/Content/EngineMaterials/PhAT_JointLimitMaterial.uexp" 233
"../../../Engine/Content/EngineMaterials/InvalidLightmapSettings.ubulk" 234
"../../../Engine/Content/EngineMaterials/InvalidLightmapSettings.uasset" 235
"../../../Engine/Content/EngineMaterials/InvalidLightmapSettings.uexp" 236
"../../../Engine/Content/EngineMaterials/M_InvalidLightmapSettings.uasset" 237
"../../../Engine/Content/EngineMaterials/M_InvalidLightmapSettings.uexp" 238
"../../../Engine/Content/EngineMaterials/GizmoMaterial.uasset" 239
"../../../Engine/Content/EngineMaterials/GizmoMaterial.uexp" 240
"../../../Engine/Content/EngineMaterials/BaseFlattenEmissiveMap_VT.uasset" 241
"../../../Engine/Content/EngineMaterials/BaseFlattenEmissiveMap_VT.uexp" 242
"../../../Engine/Content/EngineMaterials/BaseFlattenGrayscaleMap_VT.uasset" 243
"../../../Engine/Content/EngineMaterials/BaseFlattenGrayscaleMap_VT.uexp" 244
"../../../Engine/Content/EngineMaterials/BaseFlattenLinearColor_VT.uasset" 245
"../../../Engine/Content/EngineMaterials/BaseFlattenLinearColor_VT.uexp" 246
"../../../Engine/Content/EngineMaterials/Black_1x1_EXR_Texture_VT.uasset" 247
"../../../Engine/Content/EngineMaterials/Black_1x1_EXR_Texture_VT.uexp" 248
"../../../Engine/Content/EngineMaterials/BaseFlattenDiffuseMap_VT.uasset" 249
"../../../Engine/Content/EngineMaterials/BaseFlattenDiffuseMap_VT.uexp" 250
"../../../Engine/Content/EngineMaterials/BaseFlattenNormalMap_VT.uasset" 251
"../../../Engine/Content/EngineMaterials/BaseFlattenNormalMap_VT.uexp" 252
"../../../Engine/Content/EngineMaterials/FlattenMaterial_WS_Normal_VT.uasset" 253
"../../../Engine/Content/EngineMaterials/FlattenMaterial_WS_Normal_VT.uexp" 254
"../../../Engine/Content/EngineMaterials/FlattenMaterial_VT.uasset" 255
"../../../Engine/Content/EngineMaterials/FlattenMaterial_VT.uexp" 256
"../../../Engine/Content/EngineMaterials/BaseFlattenNormalMap.uasset" 257
"../../../Engine/Content/EngineMaterials/BaseFlattenNormalMap.uexp" 258
"../../../Engine/Content/EngineMaterials/BaseFlattenGrayscaleMap.uasset" 259
"../../../Engine/Content/EngineMaterials/BaseFlattenGrayscaleMap.uexp" 260
"../../../Engine/Content/EngineMaterials/BaseFlattenDiffuseMap.uasset" 261
"../../../Engine/Content/EngineMaterials/BaseFlattenDiffuseMap.uexp" 262
"../../../Engine/Content/Functions/Engine_MaterialFunctions02/PivotPainter2/Black_1x1_EXR_Texture.uasset" 263
"../../../Engine/Content/Functions/Engine_MaterialFunctions02/PivotPainter2/Black_1x1_EXR_Texture.uexp" 264
"../../../Engine/Content/EngineMaterials/BaseFlattenEmissiveMap.uasset" 265
"../../../Engine/Content/EngineMaterials/BaseFlattenEmissiveMap.uexp" 266
"../../../Engine/Content/EngineMaterials/BaseFlattenLinearColor.uasset" 267
"../../../Engine/Content/EngineMaterials/BaseFlattenLinearColor.uexp" 268
"../../../Engine/Content/EngineMaterials/FlattenMaterial.uasset" 269
"../../../Engine/Content/EngineMaterials/FlattenMaterial.uexp" 270
"../../../Engine/Content/EngineMaterials/DefaultWhiteGrid_Low.uasset" 271
"../../../Engine/Content/EngineMaterials/DefaultWhiteGrid_Low.uexp" 272
"../../../Engine/Content/EngineMaterials/EmissiveMeshMaterial.uasset" 273
"../../../Engine/Content/EngineMaterials/EmissiveMeshMaterial.uexp" 274
"../../../Engine/Content/EngineFonts/RobotoDistanceField.uasset" 275
"../../../Engine/Content/EngineFonts/RobotoDistanceField.uexp" 276
"../../../Engine/Content/EngineMaterials/DefaultTextMaterialOpaque.uasset" 277
"../../../Engine/Content/EngineMaterials/DefaultTextMaterialOpaque.uexp" 278
"../../../Engine/Content/EngineMaterials/DefaultDiffuse.ubulk" 279
"../../../Engine/Content/EngineMaterials/DefaultDiffuse.uasset" 280
"../../../Engine/Content/EngineMaterials/DefaultDiffuse.uexp" 281
"../../../Engine/Content/Functions/Engine_MaterialFunctions02/Utility/BreakOutFloat2Components.uasset" 282
"../../../Engine/Content/Functions/Engine_MaterialFunctions02/Utility/BreakOutFloat2Components.uexp" 283
"../../../Engine/Content/EngineMaterials/DefaultPostProcessMaterial.uasset" 284
"../../../Engine/Content/EngineMaterials/DefaultPostProcessMaterial.uexp" 285
"../../../Engine/Content/EngineMaterials/DefaultPhysicalMaterial.uasset" 286
"../../../Engine/Content/EngineMaterials/DefaultPhysicalMaterial.uexp" 287
"../../../Engine/Content/EngineMaterials/DefaultLightFunctionMaterial.uasset" 288
"../../../Engine/Content/EngineMaterials/DefaultLightFunctionMaterial.uexp" 289
"../../../Engine/Content/EngineMaterials/DefaultDestructiblePhysicalMaterial.uasset" 290
"../../../Engine/Content/EngineMaterials/DefaultDestructiblePhysicalMaterial.uexp" 291
"../../../Engine/Content/EngineMaterials/DefaultDeferredDecalMaterial.uasset" 292
"../../../Engine/Content/EngineMaterials/DefaultDeferredDecalMaterial.uexp" 293
"../../../Engine/Content/EngineMaterials/DefaultBloomKernel.uasset" 294
"../../../Engine/Content/EngineMaterials/DefaultBloomKernel.uexp" 295
"../../../Engine/Content/EngineResources/FilmGrains/Marcie_Grain_v3_128_M2_000.uasset" 296
"../../../Engine/Content/EngineResources/FilmGrains/Marcie_Grain_v3_128_M2_000.uexp" 297
"../../../Engine/Content/EngineSky/VolumetricClouds/CloudWeatherTexture.uasset" 298
"../../../Engine/Content/EngineSky/VolumetricClouds/CloudWeatherTexture.uexp" 299
"../../../Engine/Content/Functions/Engine_MaterialFunctions02/Utility/MakeFloat2.uasset" 300
"../../../Engine/Content/Functions/Engine_MaterialFunctions02/Utility/MakeFloat2.uexp" 301
"../../../Engine/Content/EngineSky/VolumetricClouds/CloudGradientTexture.uasset" 302
"../../../Engine/Content/EngineSky/VolumetricClouds/CloudGradientTexture.uexp" 303
"../../../Engine/Content/EngineSky/VolumetricClouds/T_NoiseShape64.ubulk" 304
"../../../Engine/Content/EngineSky/VolumetricClouds/T_NoiseShape64.uasset" 305
"../../../Engine/Content/EngineSky/VolumetricClouds/T_NoiseShape64.uexp" 306
"../../../Engine/Content/EngineSky/VolumetricClouds/T_VolumeNoiseShape64.uasset" 307
"../../../Engine/Content/EngineSky/VolumetricClouds/T_VolumeNoiseShape64.uexp" 308
"../../../Engine/Content/EngineSky/VolumetricClouds/T_NoiseErosion.ubulk" 309
"../../../Engine/Content/EngineSky/VolumetricClouds/T_NoiseErosion.uasset" 310
"../../../Engine/Content/EngineSky/VolumetricClouds/T_NoiseErosion.uexp" 311
"../../../Engine/Content/EngineSky/VolumetricClouds/T_VolumeNoiseErosion32.uasset" 312
"../../../Engine/Content/EngineSky/VolumetricClouds/T_VolumeNoiseErosion32.uexp" 313
"../../../Engine/Content/EngineSky/VolumetricClouds/m_SimpleVolumetricCloud.uasset" 314
"../../../Engine/Content/EngineSky/VolumetricClouds/m_SimpleVolumetricCloud.uexp" 315
"../../../Engine/Content/EngineSky/VolumetricClouds/m_SimpleVolumetricCloud_Inst.uasset" 316
"../../../Engine/Content/EngineSky/VolumetricClouds/m_SimpleVolumetricCloud_Inst.uexp" 317
"../../../Engine/Content/EngineSounds/Master.uasset" 318
"../../../Engine/Content/EngineSounds/Master.uexp" 319
"../../../Engine/Content/Functions/Engine_MaterialFunctions01/Shading/PowerToRoughness.uasset" 320
"../../../Engine/Content/Functions/Engine_MaterialFunctions01/Shading/PowerToRoughness.uexp" 321
"../../../Engine/Content/MobileResources/HUD/VirtualJoystick_Background.uasset" 322
"../../../Engine/Content/MobileResources/HUD/VirtualJoystick_Background.uexp" 323
"../../../Engine/Content/MobileResources/HUD/VirtualJoystick_Thumb.uasset" 324
"../../../Engine/Content/MobileResources/HUD/VirtualJoystick_Thumb.uexp" 325
"../../../Engine/Content/MobileResources/HUD/DefaultVirtualJoysticks.uasset" 326
"../../../Engine/Content/MobileResources/HUD/DefaultVirtualJoysticks.uexp" 327
"../../../Engine/Plugins/2D/Paper2D/Content/PlaceholderTextures/DummySpriteTexture.ubulk" 328
"../../../Engine/Plugins/2D/Paper2D/Content/PlaceholderTextures/DummySpriteTexture.uasset" 329
"../../../Engine/Plugins/2D/Paper2D/Content/PlaceholderTextures/DummySpriteTexture.uexp" 330
"../../../Engine/Plugins/2D/Paper2D/Content/DefaultSpriteMaterial.uasset" 331
"../../../Engine/Plugins/2D/Paper2D/Content/DefaultSpriteMaterial.uexp" 332
"../../../Engine/Plugins/2D/Paper2D/Content/OpaqueUnlitSpriteMaterial.uasset" 333
"../../../Engine/Plugins/2D/Paper2D/Content/OpaqueUnlitSpriteMaterial.uexp" 334
"../../../Engine/Plugins/2D/Paper2D/Content/MaskedUnlitSpriteMaterial.uasset" 335
"../../../Engine/Plugins/2D/Paper2D/Content/MaskedUnlitSpriteMaterial.uexp" 336
"../../../Engine/Plugins/2D/Paper2D/Content/DummySprite.uasset" 337
"../../../Engine/Plugins/2D/Paper2D/Content/DummySprite.uexp" 338
"../../../Engine/Plugins/2D/Paper2D/Content/DefaultPaperTerrainMaterial.uasset" 339
"../../../Engine/Plugins/2D/Paper2D/Content/DefaultPaperTerrainMaterial.uexp" 340
"../../../Engine/Plugins/Animation/ControlRig/Content/M_Manip.uasset" 341
"../../../Engine/Plugins/Animation/ControlRig/Content/M_Manip.uexp" 342
"../../../Engine/Plugins/Animation/ControlRig/Content/Controls/DefaultGizmoLibraryNormalized.uasset" 343
"../../../Engine/Plugins/Animation/ControlRig/Content/Controls/DefaultGizmoLibraryNormalized.uexp" 344
"../../../Engine/Plugins/Animation/ControlRig/Content/Controls/ControlRig_Wedge_solid.ubulk" 345
"../../../Engine/Plugins/Animation/ControlRig/Content/Controls/ControlRig_Wedge_solid.uasset" 346
"../../../Engine/Plugins/Animation/ControlRig/Content/Controls/ControlRig_Wedge_solid.uexp" 347
"../../../Engine/Plugins/Animation/ControlRig/Content/Controls/ControlRig_Wedge_3mm.ubulk" 348
"../../../Engine/Plugins/Animation/ControlRig/Content/Controls/ControlRig_Wedge_3mm.uasset" 349
"../../../Engine/Plugins/Animation/ControlRig/Content/Controls/ControlRig_Wedge_3mm.uexp" 350
"../../../Engine/Plugins/Animation/ControlRig/Content/Controls/ControlRig_Wedge_1mm.ubulk" 351
"../../../Engine/Plugins/Animation/ControlRig/Content/Controls/ControlRig_Wedge_1mm.uasset" 352
"../../../Engine/Plugins/Animation/ControlRig/Content/Controls/ControlRig_Wedge_1mm.uexp" 353
"../../../Engine/Plugins/Animation/ControlRig/Content/Controls/ControlRig_Triangle_solid.ubulk" 354
"../../../Engine/Plugins/Animation/ControlRig/Content/Controls/ControlRig_Triangle_solid.uasset" 355
"../../../Engine/Plugins/Animation/ControlRig/Content/Controls/ControlRig_Triangle_solid.uexp" 356
"../../../Engine/Plugins/Animation/ControlRig/Content/Controls/ControlRig_Triangle_3mm.ubulk" 357
"../../../Engine/Plugins/Animation/ControlRig/Content/Controls/ControlRig_Triangle_3mm.uasset" 358
"../../../Engine/Plugins/Animation/ControlRig/Content/Controls/ControlRig_Triangle_3mm.uexp" 359
"../../../Engine/Plugins/Animation/ControlRig/Content/Controls/ControlRig_Triangle_1mm.ubulk" 360
"../../../Engine/Plugins/Animation/ControlRig/Content/Controls/ControlRig_Triangle_1mm.uasset" 361
"../../../Engine/Plugins/Animation/ControlRig/Content/Controls/ControlRig_Triangle_1mm.uexp" 362
"../../../Engine/Plugins/Animation/ControlRig/Content/Controls/ControlRig_Star4_solid.ubulk" 363
"../../../Engine/Plugins/Animation/ControlRig/Content/Controls/ControlRig_Star4_solid.uasset" 364
"../../../Engine/Plugins/Animation/ControlRig/Content/Controls/ControlRig_Star4_solid.uexp" 365
"../../../Engine/Plugins/Animation/ControlRig/Content/Controls/ControlRig_Star4_3mm.ubulk" 366
"../../../Engine/Plugins/Animation/ControlRig/Content/Controls/ControlRig_Star4_3mm.uasset" 367
"../../../Engine/Plugins/Animation/ControlRig/Content/Controls/ControlRig_Star4_3mm.uexp" 368
"../../../Engine/Plugins/Animation/ControlRig/Content/Controls/ControlRig_Star4_1mm.ubulk" 369
"../../../Engine/Plugins/Animation/ControlRig/Content/Controls/ControlRig_Star4_1mm.uasset" 370
"../../../Engine/Plugins/Animation/ControlRig/Content/Controls/ControlRig_Star4_1mm.uexp" 371
"../../../Engine/Plugins/Animation/ControlRig/Content/Controls/ControlRig_Square_solid.ubulk" 372
"../../../Engine/Plugins/Animation/ControlRig/Content/Controls/ControlRig_Square_solid.uasset" 373
"../../../Engine/Plugins/Animation/ControlRig/Content/Controls/ControlRig_Square_solid.uexp" 374
"../../../Engine/Plugins/Animation/ControlRig/Content/Controls/ControlRig_Square_3mm.ubulk" 375
"../../../Engine/Plugins/Animation/ControlRig/Content/Controls/ControlRig_Square_3mm.uasset" 376
"../../../Engine/Plugins/Animation/ControlRig/Content/Controls/ControlRig_Square_3mm.uexp" 377
"../../../Engine/Plugins/Animation/ControlRig/Content/Controls/ControlRig_Square_1mm.ubulk" 378
"../../../Engine/Plugins/Animation/ControlRig/Content/Controls/ControlRig_Square_1mm.uasset" 379
"../../../Engine/Plugins/Animation/ControlRig/Content/Controls/ControlRig_Square_1mm.uexp" 380
"../../../Engine/Plugins/Animation/ControlRig/Content/Controls/ControlRig_Sphere_solid.ubulk" 381
"../../../Engine/Plugins/Animation/ControlRig/Content/Controls/ControlRig_Sphere_solid.uasset" 382
"../../../Engine/Plugins/Animation/ControlRig/Content/Controls/ControlRig_Sphere_solid.uexp" 383
"../../../Engine/Plugins/Animation/ControlRig/Content/Controls/ControlRig_Sphere_3mm.ubulk" 384
"../../../Engine/Plugins/Animation/ControlRig/Content/Controls/ControlRig_Sphere_3mm.uasset" 385
"../../../Engine/Plugins/Animation/ControlRig/Content/Controls/ControlRig_Sphere_3mm.uexp" 386
"../../../Engine/Plugins/Animation/ControlRig/Content/Controls/ControlRig_Sphere_1mm.ubulk" 387
"../../../Engine/Plugins/Animation/ControlRig/Content/Controls/ControlRig_Sphere_1mm.uasset" 388
"../../../Engine/Plugins/Animation/ControlRig/Content/Controls/ControlRig_Sphere_1mm.uexp" 389
"../../../Engine/Plugins/Animation/ControlRig/Content/Controls/ControlRig_RoundedTriangle_solid.ubulk" 390
"../../../Engine/Plugins/Animation/ControlRig/Content/Controls/ControlRig_RoundedTriangle_solid.uasset" 391
"../../../Engine/Plugins/Animation/ControlRig/Content/Controls/ControlRig_RoundedTriangle_solid.uexp" 392
"../../../Engine/Plugins/Animation/ControlRig/Content/Controls/ControlRig_RoundedTriangle_3mm.ubulk" 393
"../../../Engine/Plugins/Animation/ControlRig/Content/Controls/ControlRig_RoundedTriangle_3mm.uasset" 394
"../../../Engine/Plugins/Animation/ControlRig/Content/Controls/ControlRig_RoundedTriangle_3mm.uexp" 395
"../../../Engine/Plugins/Animation/ControlRig/Content/Controls/ControlRig_RoundedTriangle_1mm.ubulk" 396
"../../../Engine/Plugins/Animation/ControlRig/Content/Controls/ControlRig_RoundedTriangle_1mm.uasset" 397
"../../../Engine/Plugins/Animation/ControlRig/Content/Controls/ControlRig_RoundedTriangle_1mm.uexp" 398
"../../../Engine/Plugins/Animation/ControlRig/Content/Controls/ControlRig_RoundedSquare_solid.ubulk" 399
"../../../Engine/Plugins/Animation/ControlRig/Content/Controls/ControlRig_RoundedSquare_solid.uasset" 400
"../../../Engine/Plugins/Animation/ControlRig/Content/Controls/ControlRig_RoundedSquare_solid.uexp" 401
"../../../Engine/Plugins/Animation/ControlRig/Content/Controls/ControlRig_RoundedSquare_3mm.ubulk" 402
"../../../Engine/Plugins/Animation/ControlRig/Content/Controls/ControlRig_RoundedSquare_3mm.uasset" 403
"../../../Engine/Plugins/Animation/ControlRig/Content/Controls/ControlRig_RoundedSquare_3mm.uexp" 404
"../../../Engine/Plugins/Animation/ControlRig/Content/Controls/ControlRig_RoundedSquare_1mm.ubulk" 405
"../../../Engine/Plugins/Animation/ControlRig/Content/Controls/ControlRig_RoundedSquare_1mm.uasset" 406
"../../../Engine/Plugins/Animation/ControlRig/Content/Controls/ControlRig_RoundedSquare_1mm.uexp" 407
"../../../Engine/Plugins/Animation/ControlRig/Content/Controls/ControlRig_QuarterCircle_solid.ubulk" 408
"../../../Engine/Plugins/Animation/ControlRig/Content/Controls/ControlRig_QuarterCircle_solid.uasset" 409
"../../../Engine/Plugins/Animation/ControlRig/Content/Controls/ControlRig_QuarterCircle_solid.uexp" 410
"../../../Engine/Plugins/Animation/ControlRig/Content/Controls/ControlRig_QuarterCircle_3mm.ubulk" 411
"../../../Engine/Plugins/Animation/ControlRig/Content/Controls/ControlRig_QuarterCircle_3mm.uasset" 412
"../../../Engine/Plugins/Animation/ControlRig/Content/Controls/ControlRig_QuarterCircle_3mm.uexp" 413
"../../../Engine/Plugins/Animation/ControlRig/Content/Controls/ControlRig_QuarterCircle_1mm.ubulk" 414
"../../../Engine/Plugins/Animation/ControlRig/Content/Controls/ControlRig_QuarterCircle_1mm.uasset" 415
"../../../Engine/Plugins/Animation/ControlRig/Content/Controls/ControlRig_QuarterCircle_1mm.uexp" 416
"../../../Engine/Plugins/Animation/ControlRig/Content/Controls/ControlRig_Pyramid_solid.ubulk" 417
"../../../Engine/Plugins/Animation/ControlRig/Content/Controls/ControlRig_Pyramid_solid.uasset" 418
"../../../Engine/Plugins/Animation/ControlRig/Content/Controls/ControlRig_Pyramid_solid.uexp" 419
"../../../Engine/Plugins/Animation/ControlRig/Content/Controls/ControlRig_Pyramid_3mm.ubulk" 420
"../../../Engine/Plugins/Animation/ControlRig/Content/Controls/ControlRig_Pyramid_3mm.uasset" 421
"../../../Engine/Plugins/Animation/ControlRig/Content/Controls/ControlRig_Pyramid_3mm.uexp" 422
"../../../Engine/Plugins/Animation/ControlRig/Content/Controls/ControlRig_Pyramid_1mm.ubulk" 423
"../../../Engine/Plugins/Animation/ControlRig/Content/Controls/ControlRig_Pyramid_1mm.uasset" 424
"../../../Engine/Plugins/Animation/ControlRig/Content/Controls/ControlRig_Pyramid_1mm.uexp" 425
"../../../Engine/Plugins/Animation/ControlRig/Content/Controls/ControlRig_Octagon_solid.ubulk" 426
"../../../Engine/Plugins/Animation/ControlRig/Content/Controls/ControlRig_Octagon_solid.uasset" 427
"../../../Engine/Plugins/Animation/ControlRig/Content/Controls/ControlRig_Octagon_solid.uexp" 428
"../../../Engine/Plugins/Animation/ControlRig/Content/Controls/ControlRig_Octagon_3mm.ubulk" 429
"../../../Engine/Plugins/Animation/ControlRig/Content/Controls/ControlRig_Octagon_3mm.uasset" 430
"../../../Engine/Plugins/Animation/ControlRig/Content/Controls/ControlRig_Octagon_3mm.uexp" 431
"../../../Engine/Plugins/Animation/ControlRig/Content/Controls/ControlRig_Octagon_1mm.ubulk" 432
"../../../Engine/Plugins/Animation/ControlRig/Content/Controls/ControlRig_Octagon_1mm.uasset" 433
"../../../Engine/Plugins/Animation/ControlRig/Content/Controls/ControlRig_Octagon_1mm.uexp" 434
"../../../Engine/Plugins/Animation/ControlRig/Content/Controls/ControlRig_Hexagon_solid.ubulk" 435
"../../../Engine/Plugins/Animation/ControlRig/Content/Controls/ControlRig_Hexagon_solid.uasset" 436
"../../../Engine/Plugins/Animation/ControlRig/Content/Controls/ControlRig_Hexagon_solid.uexp" 437
"../../../Engine/Plugins/Animation/ControlRig/Content/Controls/ControlRig_Hexagon_3mm.ubulk" 438
"../../../Engine/Plugins/Animation/ControlRig/Content/Controls/ControlRig_Hexagon_3mm.uasset" 439
"../../../Engine/Plugins/Animation/ControlRig/Content/Controls/ControlRig_Hexagon_3mm.uexp" 440
"../../../Engine/Plugins/Animation/ControlRig/Content/Controls/ControlRig_Hexagon_1mm.ubulk" 441
"../../../Engine/Plugins/Animation/ControlRig/Content/Controls/ControlRig_Hexagon_1mm.uasset" 442
"../../../Engine/Plugins/Animation/ControlRig/Content/Controls/ControlRig_Hexagon_1mm.uexp" 443
"../../../Engine/Plugins/Animation/ControlRig/Content/Controls/ControlRig_HalfCircle_solid.ubulk" 444
"../../../Engine/Plugins/Animation/ControlRig/Content/Controls/ControlRig_HalfCircle_solid.uasset" 445
"../../../Engine/Plugins/Animation/ControlRig/Content/Controls/ControlRig_HalfCircle_solid.uexp" 446
"../../../Engine/Plugins/Animation/ControlRig/Content/Controls/ControlRig_HalfCircle_3mm.ubulk" 447
"../../../Engine/Plugins/Animation/ControlRig/Content/Controls/ControlRig_HalfCircle_3mm.uasset" 448
"../../../Engine/Plugins/Animation/ControlRig/Content/Controls/ControlRig_HalfCircle_3mm.uexp" 449
"../../../Engine/Plugins/Animation/ControlRig/Content/Controls/ControlRig_HalfCircle_1mm.ubulk" 450
"../../../Engine/Plugins/Animation/ControlRig/Content/Controls/ControlRig_HalfCircle_1mm.uasset" 451
"../../../Engine/Plugins/Animation/ControlRig/Content/Controls/ControlRig_HalfCircle_1mm.uexp" 452
"../../../Engine/Plugins/Animation/ControlRig/Content/Controls/ControlRig_Diamond_solid.ubulk" 453
"../../../Engine/Plugins/Animation/ControlRig/Content/Controls/ControlRig_Diamond_solid.uasset" 454
"../../../Engine/Plugins/Animation/ControlRig/Content/Controls/ControlRig_Diamond_solid.uexp" 455
"../../../Engine/Plugins/Animation/ControlRig/Content/Controls/ControlRig_Diamond_3mm.ubulk" 456
"../../../Engine/Plugins/Animation/ControlRig/Content/Controls/ControlRig_Diamond_3mm.uasset" 457
"../../../Engine/Plugins/Animation/ControlRig/Content/Controls/ControlRig_Diamond_3mm.uexp" 458
"../../../Engine/Plugins/Animation/ControlRig/Content/Controls/ControlRig_Diamond_1mm.ubulk" 459
"../../../Engine/Plugins/Animation/ControlRig/Content/Controls/ControlRig_Diamond_1mm.uasset" 460
"../../../Engine/Plugins/Animation/ControlRig/Content/Controls/ControlRig_Diamond_1mm.uexp" 461
"../../../Engine/Plugins/Animation/ControlRig/Content/Controls/ControlRig_Circle_solid.ubulk" 462
"../../../Engine/Plugins/Animation/ControlRig/Content/Controls/ControlRig_Circle_solid.uasset" 463
"../../../Engine/Plugins/Animation/ControlRig/Content/Controls/ControlRig_Circle_solid.uexp" 464
"../../../Engine/Plugins/Animation/ControlRig/Content/Controls/ControlRig_Circle_3mm.ubulk" 465
"../../../Engine/Plugins/Animation/ControlRig/Content/Controls/ControlRig_Circle_3mm.uasset" 466
"../../../Engine/Plugins/Animation/ControlRig/Content/Controls/ControlRig_Circle_3mm.uexp" 467
"../../../Engine/Plugins/Animation/ControlRig/Content/Controls/ControlRig_Circle_1mm.ubulk" 468
"../../../Engine/Plugins/Animation/ControlRig/Content/Controls/ControlRig_Circle_1mm.uasset" 469
"../../../Engine/Plugins/Animation/ControlRig/Content/Controls/ControlRig_Circle_1mm.uexp" 470
"../../../Engine/Plugins/Animation/ControlRig/Content/Controls/ControlRig_Box_solid.ubulk" 471
"../../../Engine/Plugins/Animation/ControlRig/Content/Controls/ControlRig_Box_solid.uasset" 472
"../../../Engine/Plugins/Animation/ControlRig/Content/Controls/ControlRig_Box_solid.uexp" 473
"../../../Engine/Plugins/Animation/ControlRig/Content/Controls/ControlRig_Box_3mm.ubulk" 474
"../../../Engine/Plugins/Animation/ControlRig/Content/Controls/ControlRig_Box_3mm.uasset" 475
"../../../Engine/Plugins/Animation/ControlRig/Content/Controls/ControlRig_Box_3mm.uexp" 476
"../../../Engine/Plugins/Animation/ControlRig/Content/Controls/ControlRig_Box_1mm.ubulk" 477
"../../../Engine/Plugins/Animation/ControlRig/Content/Controls/ControlRig_Box_1mm.uasset" 478
"../../../Engine/Plugins/Animation/ControlRig/Content/Controls/ControlRig_Box_1mm.uexp" 479
"../../../Engine/Plugins/Animation/ControlRig/Content/Controls/ControlRig_Arrow_solid.ubulk" 480
"../../../Engine/Plugins/Animation/ControlRig/Content/Controls/ControlRig_Arrow_solid.uasset" 481
"../../../Engine/Plugins/Animation/ControlRig/Content/Controls/ControlRig_Arrow_solid.uexp" 482
"../../../Engine/Plugins/Animation/ControlRig/Content/Controls/ControlRig_Arrow_3mm.ubulk" 483
"../../../Engine/Plugins/Animation/ControlRig/Content/Controls/ControlRig_Arrow_3mm.uasset" 484
"../../../Engine/Plugins/Animation/ControlRig/Content/Controls/ControlRig_Arrow_3mm.uexp" 485
"../../../Engine/Plugins/Animation/ControlRig/Content/Controls/ControlRig_Arrow_1mm.ubulk" 486
"../../../Engine/Plugins/Animation/ControlRig/Content/Controls/ControlRig_Arrow_1mm.uasset" 487
"../../../Engine/Plugins/Animation/ControlRig/Content/Controls/ControlRig_Arrow_1mm.uexp" 488
"../../../Engine/Plugins/Animation/ControlRig/Content/Controls/ControlRig_Arrow4_solid.ubulk" 489
"../../../Engine/Plugins/Animation/ControlRig/Content/Controls/ControlRig_Arrow4_solid.uasset" 490
"../../../Engine/Plugins/Animation/ControlRig/Content/Controls/ControlRig_Arrow4_solid.uexp" 491
"../../../Engine/Plugins/Animation/ControlRig/Content/Controls/ControlRig_Arrow4_3mm.ubulk" 492
"../../../Engine/Plugins/Animation/ControlRig/Content/Controls/ControlRig_Arrow4_3mm.uasset" 493
"../../../Engine/Plugins/Animation/ControlRig/Content/Controls/ControlRig_Arrow4_3mm.uexp" 494
"../../../Engine/Plugins/Animation/ControlRig/Content/Controls/ControlRig_Arrow4_1mm.ubulk" 495
"../../../Engine/Plugins/Animation/ControlRig/Content/Controls/ControlRig_Arrow4_1mm.uasset" 496
"../../../Engine/Plugins/Animation/ControlRig/Content/Controls/ControlRig_Arrow4_1mm.uexp" 497
"../../../Engine/Plugins/Animation/ControlRig/Content/Controls/ControlRig_Arrow2_solid.ubulk" 498
"../../../Engine/Plugins/Animation/ControlRig/Content/Controls/ControlRig_Arrow2_solid.uasset" 499
"../../../Engine/Plugins/Animation/ControlRig/Content/Controls/ControlRig_Arrow2_solid.uexp" 500
"../../../Engine/Plugins/Animation/ControlRig/Content/Controls/ControlRig_Arrow2_3mm.ubulk" 501
"../../../Engine/Plugins/Animation/ControlRig/Content/Controls/ControlRig_Arrow2_3mm.uasset" 502
"../../../Engine/Plugins/Animation/ControlRig/Content/Controls/ControlRig_Arrow2_3mm.uexp" 503
"../../../Engine/Plugins/Animation/ControlRig/Content/Controls/ControlRig_Arrow2_1mm.ubulk" 504
"../../../Engine/Plugins/Animation/ControlRig/Content/Controls/ControlRig_Arrow2_1mm.uasset" 505
"../../../Engine/Plugins/Animation/ControlRig/Content/Controls/ControlRig_Arrow2_1mm.uexp" 506
"../../../Engine/Plugins/Animation/ControlRig/Content/Controls/ControlRigXRayMaterial.uasset" 507
"../../../Engine/Plugins/Animation/ControlRig/Content/Controls/ControlRigXRayMaterial.uexp" 508
"../../../Engine/Plugins/Animation/ControlRig/Content/Controls/ControlRigGizmoMaterial.uasset" 509
"../../../Engine/Plugins/Animation/ControlRig/Content/Controls/ControlRigGizmoMaterial.uexp" 510
"../../../Engine/Plugins/Editor/SpeedTreeImporter/Content/SpeedTree9/game_wind_noise.ubulk" 511
"../../../Engine/Plugins/Editor/SpeedTreeImporter/Content/SpeedTree9/game_wind_noise.uasset" 512
"../../../Engine/Plugins/Editor/SpeedTreeImporter/Content/SpeedTree9/game_wind_noise.uexp" 513
"../../../Engine/Plugins/Editor/SpeedTreeImporter/Content/SpeedTree9/UnpackDirection.uasset" 514
"../../../Engine/Plugins/Editor/SpeedTreeImporter/Content/SpeedTree9/UnpackDirection.uexp" 515
"../../../Engine/Content/Functions/Engine_MaterialFunctions02/ObjectLocalBounds.uasset" 516
"../../../Engine/Content/Functions/Engine_MaterialFunctions02/ObjectLocalBounds.uexp" 517
"../../../Engine/Content/Functions/Engine_MaterialFunctions02/UVs/BoundingBoxBased_0-1_UVW.uasset" 518
"../../../Engine/Content/Functions/Engine_MaterialFunctions02/UVs/BoundingBoxBased_0-1_UVW.uexp" 519
"../../../Engine/Content/Functions/Engine_MaterialFunctions02/Utility/VectorLength.uasset" 520
"../../../Engine/Content/Functions/Engine_MaterialFunctions02/Utility/VectorLength.uexp" 521
"../../../Engine/Plugins/Editor/SpeedTreeImporter/Content/SpeedTree9/UnpackInteger3.uasset" 522
"../../../Engine/Plugins/Editor/SpeedTreeImporter/Content/SpeedTree9/UnpackInteger3.uexp" 523
"../../../Engine/Plugins/Editor/SpeedTreeImporter/Content/SpeedTree9/SpeedTreeCameraFacing.uasset" 524
"../../../Engine/Plugins/Editor/SpeedTreeImporter/Content/SpeedTree9/SpeedTreeCameraFacing.uexp" 525
"../../../Engine/Content/Functions/Engine_MaterialFunctions02/WorldPositionOffset/ObjectScale.uasset" 526
"../../../Engine/Content/Functions/Engine_MaterialFunctions02/WorldPositionOffset/ObjectScale.uexp" 527
"../../../Engine/Content/Functions/Engine_MaterialFunctions02/SafeNormalize.uasset" 528
"../../../Engine/Content/Functions/Engine_MaterialFunctions02/SafeNormalize.uexp" 529
"../../../Engine/Plugins/Editor/SpeedTreeImporter/Content/SpeedTree9/SpeedTreeWindMotion.uasset" 530
"../../../Engine/Plugins/Editor/SpeedTreeImporter/Content/SpeedTree9/SpeedTreeWindMotion.uexp" 531
"../../../Engine/Plugins/Editor/SpeedTreeImporter/Content/SpeedTree9/SpeedTreeBranchMotion.uasset" 532
"../../../Engine/Plugins/Editor/SpeedTreeImporter/Content/SpeedTree9/SpeedTreeBranchMotion.uexp" 533
"../../../Engine/Plugins/Editor/SpeedTreeImporter/Content/SpeedTree9/SpeedTreeWind.uasset" 534
"../../../Engine/Plugins/Editor/SpeedTreeImporter/Content/SpeedTree9/SpeedTreeWind.uexp" 535
"../../../Engine/Plugins/Editor/SpeedTreeImporter/Content/SpeedTree9/EmptyNormal.uasset" 536
"../../../Engine/Plugins/Editor/SpeedTreeImporter/Content/SpeedTree9/EmptyNormal.uexp" 537
"../../../Engine/Plugins/Editor/SpeedTreeImporter/Content/SpeedTree9/Empty.uasset" 538
"../../../Engine/Plugins/Editor/SpeedTreeImporter/Content/SpeedTree9/Empty.uexp" 539
"../../../Engine/Plugins/Editor/SpeedTreeImporter/Content/SpeedTree9/SpeedTreeMaster.uasset" 540
"../../../Engine/Plugins/Editor/SpeedTreeImporter/Content/SpeedTree9/SpeedTreeMaster.uexp" 541
"../../../Engine/Plugins/Editor/SpeedTreeImporter/Content/SpeedTree9/SpeedTreeBillboard.uasset" 542
"../../../Engine/Plugins/Editor/SpeedTreeImporter/Content/SpeedTree9/SpeedTreeBillboard.uexp" 543
"../../../Engine/Plugins/Editor/SpeedTreeImporter/Content/SpeedTree9/SpeedTreeBillboardMaster.uasset" 544
"../../../Engine/Plugins/Editor/SpeedTreeImporter/Content/SpeedTree9/SpeedTreeBillboardMaster.uexp" 545
"../../../Engine/Content/Functions/Engine_MaterialFunctions02/Texturing/CustomRotator.uasset" 546
"../../../Engine/Content/Functions/Engine_MaterialFunctions02/Texturing/CustomRotator.uexp" 547
"../../../Engine/Content/Functions/Engine_MaterialFunctions02/Texturing/ScreenAlignedPixelToPixelUVs.uasset" 548
"../../../Engine/Content/Functions/Engine_MaterialFunctions02/Texturing/ScreenAlignedPixelToPixelUVs.uexp" 549
"../../../Engine/Plugins/Interchange/Runtime/Content/Utilities/T_Bayer64_Grayscale_64px.uasset" 550
"../../../Engine/Plugins/Interchange/Runtime/Content/Utilities/T_Bayer64_Grayscale_64px.uexp" 551
"../../../Engine/Plugins/Interchange/Runtime/Content/gltf/MaterialFunctions/MF_Temporal_Blur.uasset" 552
"../../../Engine/Plugins/Interchange/Runtime/Content/gltf/MaterialFunctions/MF_Temporal_Blur.uexp" 553
"../../../Engine/Plugins/Interchange/Runtime/Content/gltf/MaterialFunctions/MF_Fresnel_DS.uasset" 554
"../../../Engine/Plugins/Interchange/Runtime/Content/gltf/MaterialFunctions/MF_Fresnel_DS.uexp" 555
"../../../Engine/Plugins/Interchange/Runtime/Content/Functions/MX_Transmission.uasset" 556
"../../../Engine/Plugins/Interchange/Runtime/Content/Functions/MX_Transmission.uexp" 557
"../../../Engine/Plugins/Interchange/Runtime/Content/Functions/MF_OrenNayerView.uasset" 558
"../../../Engine/Plugins/Interchange/Runtime/Content/Functions/MF_OrenNayerView.uexp" 559
"../../../Engine/Plugins/Interchange/Runtime/Content/Functions/MF_SchlickApprox.uasset" 560
"../../../Engine/Plugins/Interchange/Runtime/Content/Functions/MF_SchlickApprox.uexp" 561
"../../../Engine/Plugins/Interchange/Runtime/Content/Utilities/New_LUT.uasset" 562
"../../../Engine/Plugins/Interchange/Runtime/Content/Utilities/New_LUT.uexp" 563
"../../../Engine/Content/Functions/Engine_MaterialFunctions03/Math/RemapValueRange.uasset" 564
"../../../Engine/Content/Functions/Engine_MaterialFunctions03/Math/RemapValueRange.uexp" 565
"../../../Engine/Plugins/Interchange/Runtime/Content/Functions/MF_Iridescence.uasset" 566
"../../../Engine/Plugins/Interchange/Runtime/Content/Functions/MF_Iridescence.uexp" 567
"../../../Engine/Plugins/Interchange/Runtime/Content/Functions/MX_StandardSurface.uasset" 568
"../../../Engine/Plugins/Interchange/Runtime/Content/Functions/MX_StandardSurface.uexp" 569
"../../../Engine/Plugins/Interchange/Runtime/Content/Functions/MX_TransmissionSurface.uasset" 570
"../../../Engine/Plugins/Interchange/Runtime/Content/Functions/MX_TransmissionSurface.uexp" 571
"../../../Engine/Content/Functions/Engine_MaterialFunctions02/Math/AddComponents.uasset" 572
"../../../Engine/Content/Functions/Engine_MaterialFunctions02/Math/AddComponents.uexp" 573
"../../../Engine/Content/Functions/Engine_MaterialFunctions02/WorldPositionOffset/V2/ObjectScale.uasset" 574
"../../../Engine/Content/Functions/Engine_MaterialFunctions02/WorldPositionOffset/V2/ObjectScale.uexp" 575
"../../../Engine/Plugins/Interchange/Runtime/Content/gltf/MaterialFunctions/MF_TransmissionOpacity.uasset" 576
"../../../Engine/Plugins/Interchange/Runtime/Content/gltf/MaterialFunctions/MF_TransmissionOpacity.uexp" 577
"../../../Engine/Plugins/Interchange/Runtime/Content/gltf/MaterialFunctions/MF_RotateV2.uasset" 578
"../../../Engine/Plugins/Interchange/Runtime/Content/gltf/MaterialFunctions/MF_RotateV2.uexp" 579
"../../../Engine/Plugins/Interchange/Runtime/Content/gltf/MaterialFunctions/MF_TransformUVs.uasset" 580
"../../../Engine/Plugins/Interchange/Runtime/Content/gltf/MaterialFunctions/MF_TransformUVs.uexp" 581
"../../../Engine/Plugins/Interchange/Runtime/Content/gltf/Textures/T_White_srgb.uasset" 582
"../../../Engine/Plugins/Interchange/Runtime/Content/gltf/Textures/T_White_srgb.uexp" 583
"../../../Engine/Plugins/Interchange/Runtime/Content/gltf/MaterialFunctions/MF_BaseColor.uasset" 584
"../../../Engine/Plugins/Interchange/Runtime/Content/gltf/MaterialFunctions/MF_BaseColor.uexp" 585
"../../../Engine/Plugins/Interchange/Runtime/Content/gltf/MaterialFunctions/MF_DiffuseSpecGloss.uasset" 586
"../../../Engine/Plugins/Interchange/Runtime/Content/gltf/MaterialFunctions/MF_DiffuseSpecGloss.uexp" 587
"../../../Engine/Plugins/Interchange/Runtime/Content/gltf/Textures/T_White_Linear.uasset" 588
"../../../Engine/Plugins/Interchange/Runtime/Content/gltf/Textures/T_White_Linear.uexp" 589
"../../../Engine/Plugins/Interchange/Runtime/Content/gltf/MaterialFunctions/MF_MetallicRoughness.uasset" 590
"../../../Engine/Plugins/Interchange/Runtime/Content/gltf/MaterialFunctions/MF_MetallicRoughness.uexp" 591
"../../../Engine/Plugins/Interchange/Runtime/Content/gltf/MaterialFunctions/MF_Transmission.uasset" 592
"../../../Engine/Plugins/Interchange/Runtime/Content/gltf/MaterialFunctions/MF_Transmission.uexp" 593
"../../../Engine/Plugins/Interchange/Runtime/Content/gltf/MaterialFunctions/MF_Occlusion.uasset" 594
"../../../Engine/Plugins/Interchange/Runtime/Content/gltf/MaterialFunctions/MF_Occlusion.uexp" 595
"../../../Engine/Plugins/Interchange/Runtime/Content/gltf/MaterialFunctions/MF_Specular.uasset" 596
"../../../Engine/Plugins/Interchange/Runtime/Content/gltf/MaterialFunctions/MF_Specular.uexp" 597
"../../../Engine/Plugins/Interchange/Runtime/Content/gltf/MaterialFunctions/MF_IOR.uasset" 598
"../../../Engine/Plugins/Interchange/Runtime/Content/gltf/MaterialFunctions/MF_IOR.uexp" 599
"../../../Engine/Content/Functions/Engine_MaterialFunctions01/Texturing/FlattenNormal.uasset" 600
"../../../Engine/Content/Functions/Engine_MaterialFunctions01/Texturing/FlattenNormal.uexp" 601
"../../../Engine/Content/Functions/Engine_MaterialFunctions02/Math/Transform3x3Matrix.uasset" 602
"../../../Engine/Content/Functions/Engine_MaterialFunctions02/Math/Transform3x3Matrix.uexp" 603
"../../../Engine/Plugins/Interchange/Runtime/Content/gltf/MaterialFunctions/MF_RotateNormals_TS.uasset" 604
"../../../Engine/Plugins/Interchange/Runtime/Content/gltf/MaterialFunctions/MF_RotateNormals_TS.uexp" 605
"../../../Engine/Plugins/Interchange/Runtime/Content/gltf/Textures/T_Generic_N.uasset" 606
"../../../Engine/Plugins/Interchange/Runtime/Content/gltf/Textures/T_Generic_N.uexp" 607
"../../../Engine/Plugins/Interchange/Runtime/Content/gltf/MaterialFunctions/MF_Normals.uasset" 608
"../../../Engine/Plugins/Interchange/Runtime/Content/gltf/MaterialFunctions/MF_Normals.uexp" 609
"../../../Engine/Plugins/Interchange/Runtime/Content/gltf/MaterialFunctions/MF_PerceivedBrightness.uasset" 610
"../../../Engine/Plugins/Interchange/Runtime/Content/gltf/MaterialFunctions/MF_PerceivedBrightness.uexp" 611
"../../../Engine/Plugins/Interchange/Runtime/Content/gltf/MaterialFunctions/MF_SpecGlossToMetalRoughness.uasset" 612
"../../../Engine/Plugins/Interchange/Runtime/Content/gltf/MaterialFunctions/MF_SpecGlossToMetalRoughness.uexp" 613
"../../../Engine/Plugins/Interchange/Runtime/Content/gltf/M_Transmission.uasset" 614
"../../../Engine/Plugins/Interchange/Runtime/Content/gltf/M_Transmission.uexp" 615
"../../../Engine/Plugins/Interchange/Runtime/Content/gltf/MaterialInstances_MR/MI_Transmission_TS.uasset" 616
"../../../Engine/Plugins/Interchange/Runtime/Content/gltf/MaterialInstances_MR/MI_Transmission_TS.uexp" 617
"../../../Engine/Plugins/Interchange/Runtime/Content/gltf/MaterialInstances_MR/MI_Transmission.uasset" 618
"../../../Engine/Plugins/Interchange/Runtime/Content/gltf/MaterialInstances_MR/MI_Transmission.uexp" 619
"../../../Engine/Plugins/Interchange/Runtime/Content/gltf/MaterialFunctions/MF_Clearcoat.uasset" 620
"../../../Engine/Plugins/Interchange/Runtime/Content/gltf/MaterialFunctions/MF_Clearcoat.uexp" 621
"../../../Engine/Plugins/Interchange/Runtime/Content/gltf/MaterialFunctions/MF_Emissive.uasset" 622
"../../../Engine/Plugins/Interchange/Runtime/Content/gltf/MaterialFunctions/MF_Emissive.uexp" 623
"../../../Engine/Plugins/Interchange/Runtime/Content/gltf/M_Translucent.uasset" 624
"../../../Engine/Plugins/Interchange/Runtime/Content/gltf/M_Translucent.uexp" 625
"../../../Engine/Plugins/Interchange/Runtime/Content/gltf/MaterialInstances_MR/MI_Translucent_TS.uasset" 626
"../../../Engine/Plugins/Interchange/Runtime/Content/gltf/MaterialInstances_MR/MI_Translucent_TS.uexp" 627
"../../../Engine/Plugins/Interchange/Runtime/Content/gltf/MaterialInstances_MR/MI_Translucent_ClearCoat_TS.uasset" 628
"../../../Engine/Plugins/Interchange/Runtime/Content/gltf/MaterialInstances_MR/MI_Translucent_ClearCoat_TS.uexp" 629
"../../../Engine/Plugins/Interchange/Runtime/Content/gltf/MaterialInstances_MR/MI_Translucent_ClearCoat.uasset" 630
"../../../Engine/Plugins/Interchange/Runtime/Content/gltf/MaterialInstances_MR/MI_Translucent_ClearCoat.uexp" 631
"../../../Engine/Plugins/Interchange/Runtime/Content/gltf/MaterialInstances_MR/MI_Translucent.uasset" 632
"../../../Engine/Plugins/Interchange/Runtime/Content/gltf/MaterialInstances_MR/MI_Translucent.uexp" 633
"../../../Engine/Plugins/Interchange/Runtime/Content/gltf/M_Unlit.uasset" 634
"../../../Engine/Plugins/Interchange/Runtime/Content/gltf/M_Unlit.uexp" 635
"../../../Engine/Plugins/Interchange/Runtime/Content/gltf/MaterialInstances_MR/MI_Opaque_Unlit_TS.uasset" 636
"../../../Engine/Plugins/Interchange/Runtime/Content/gltf/MaterialInstances_MR/MI_Opaque_Unlit_TS.uexp" 637
"../../../Engine/Plugins/Interchange/Runtime/Content/gltf/MaterialInstances_MR/MI_Opaque_Unlit.uasset" 638
"../../../Engine/Plugins/Interchange/Runtime/Content/gltf/MaterialInstances_MR/MI_Opaque_Unlit.uexp" 639
"../../../Engine/Plugins/Interchange/Runtime/Content/gltf/M_Opaque.uasset" 640
"../../../Engine/Plugins/Interchange/Runtime/Content/gltf/M_Opaque.uexp" 641
"../../../Engine/Plugins/Interchange/Runtime/Content/gltf/MaterialInstances_MR/MI_Opaque_TS.uasset" 642
"../../../Engine/Plugins/Interchange/Runtime/Content/gltf/MaterialInstances_MR/MI_Opaque_TS.uexp" 643
"../../../Engine/Plugins/Interchange/Runtime/Content/gltf/MaterialFunctions/MF_Sheen.uasset" 644
"../../../Engine/Plugins/Interchange/Runtime/Content/gltf/MaterialFunctions/MF_Sheen.uexp" 645
"../../../Engine/Content/Functions/Engine_MaterialFunctions01/Shading/FuzzyShading.uasset" 646
"../../../Engine/Content/Functions/Engine_MaterialFunctions01/Shading/FuzzyShading.uexp" 647
"../../../Engine/Plugins/Interchange/Runtime/Content/gltf/M_Sheen.uasset" 648
"../../../Engine/Plugins/Interchange/Runtime/Content/gltf/M_Sheen.uexp" 649
"../../../Engine/Plugins/Interchange/Runtime/Content/gltf/MaterialInstances_MR/MI_Opaque_Sheen_TS.uasset" 650
"../../../Engine/Plugins/Interchange/Runtime/Content/gltf/MaterialInstances_MR/MI_Opaque_Sheen_TS.uexp" 651
"../../../Engine/Plugins/Interchange/Runtime/Content/gltf/MaterialInstances_MR/MI_Opaque_Sheen.uasset" 652
"../../../Engine/Plugins/Interchange/Runtime/Content/gltf/MaterialInstances_MR/MI_Opaque_Sheen.uexp" 653
"../../../Engine/Plugins/Interchange/Runtime/Content/gltf/MaterialInstances_MR/MI_Opaque_ClearCoat_TS.uasset" 654
"../../../Engine/Plugins/Interchange/Runtime/Content/gltf/MaterialInstances_MR/MI_Opaque_ClearCoat_TS.uexp" 655
"../../../Engine/Plugins/Interchange/Runtime/Content/gltf/MaterialInstances_MR/MI_Opaque_ClearCoat.uasset" 656
"../../../Engine/Plugins/Interchange/Runtime/Content/gltf/MaterialInstances_MR/MI_Opaque_ClearCoat.uexp" 657
"../../../Engine/Plugins/Interchange/Runtime/Content/gltf/MaterialInstances_MR/MI_Opaque.uasset" 658
"../../../Engine/Plugins/Interchange/Runtime/Content/gltf/MaterialInstances_MR/MI_Opaque.uexp" 659
"../../../Engine/Plugins/Interchange/Runtime/Content/gltf/MaterialInstances_SG/MI_Transmission_TS.uasset" 660
"../../../Engine/Plugins/Interchange/Runtime/Content/gltf/MaterialInstances_SG/MI_Transmission_TS.uexp" 661
"../../../Engine/Plugins/Interchange/Runtime/Content/gltf/MaterialInstances_SG/MI_Transmission.uasset" 662
"../../../Engine/Plugins/Interchange/Runtime/Content/gltf/MaterialInstances_SG/MI_Transmission.uexp" 663
"../../../Engine/Plugins/Interchange/Runtime/Content/gltf/MaterialInstances_SG/MI_Translucent_TS.uasset" 664
"../../../Engine/Plugins/Interchange/Runtime/Content/gltf/MaterialInstances_SG/MI_Translucent_TS.uexp" 665
"../../../Engine/Plugins/Interchange/Runtime/Content/gltf/MaterialInstances_SG/MI_Translucent_ClearCoat_TS.uasset" 666
"../../../Engine/Plugins/Interchange/Runtime/Content/gltf/MaterialInstances_SG/MI_Translucent_ClearCoat_TS.uexp" 667
"../../../Engine/Plugins/Interchange/Runtime/Content/gltf/MaterialInstances_SG/MI_Translucent_ClearCoat.uasset" 668
"../../../Engine/Plugins/Interchange/Runtime/Content/gltf/MaterialInstances_SG/MI_Translucent_ClearCoat.uexp" 669
"../../../Engine/Plugins/Interchange/Runtime/Content/gltf/MaterialInstances_SG/MI_Translucent.uasset" 670
"../../../Engine/Plugins/Interchange/Runtime/Content/gltf/MaterialInstances_SG/MI_Translucent.uexp" 671
"../../../Engine/Plugins/Interchange/Runtime/Content/gltf/MaterialInstances_SG/MI_Opaque_TS.uasset" 672
"../../../Engine/Plugins/Interchange/Runtime/Content/gltf/MaterialInstances_SG/MI_Opaque_TS.uexp" 673
"../../../Engine/Plugins/Interchange/Runtime/Content/gltf/MaterialInstances_SG/MI_Opaque_Sheen_TS.uasset" 674
"../../../Engine/Plugins/Interchange/Runtime/Content/gltf/MaterialInstances_SG/MI_Opaque_Sheen_TS.uexp" 675
"../../../Engine/Plugins/Interchange/Runtime/Content/gltf/MaterialInstances_SG/MI_Opaque_Sheen.uasset" 676
"../../../Engine/Plugins/Interchange/Runtime/Content/gltf/MaterialInstances_SG/MI_Opaque_Sheen.uexp" 677
"../../../Engine/Plugins/Interchange/Runtime/Content/gltf/MaterialInstances_SG/MI_Opaque_ClearCoat_TS.uasset" 678
"../../../Engine/Plugins/Interchange/Runtime/Content/gltf/MaterialInstances_SG/MI_Opaque_ClearCoat_TS.uexp" 679
"../../../Engine/Plugins/Interchange/Runtime/Content/gltf/MaterialInstances_SG/MI_Opaque_ClearCoat.uasset" 680
"../../../Engine/Plugins/Interchange/Runtime/Content/gltf/MaterialInstances_SG/MI_Opaque_ClearCoat.uexp" 681
"../../../Engine/Plugins/Interchange/Runtime/Content/gltf/MaterialInstances_SG/MI_Opaque.uasset" 682
"../../../Engine/Plugins/Interchange/Runtime/Content/gltf/MaterialInstances_SG/MI_Opaque.uexp" 683
"../../../Engine/Plugins/Interchange/Runtime/Content/gltf/Textures/T_Gray_Linear.uasset" 684
"../../../Engine/Plugins/Interchange/Runtime/Content/gltf/Textures/T_Gray_Linear.uexp" 685
"../../../Engine/Plugins/Interchange/Runtime/Content/gltf/Textures/T_Black_srgb.uasset" 686
"../../../Engine/Plugins/Interchange/Runtime/Content/gltf/Textures/T_Black_srgb.uexp" 687
"../../../Engine/Plugins/Interchange/Runtime/Content/Materials/UnlitMaterial.uasset" 688
"../../../Engine/Plugins/Interchange/Runtime/Content/Materials/UnlitMaterial.uexp" 689
"../../../Engine/Content/EngineMaterials/DefaultNormal.ubulk" 690
"../../../Engine/Content/EngineMaterials/DefaultNormal.uasset" 691
"../../../Engine/Content/EngineMaterials/DefaultNormal.uexp" 692
"../../../Engine/Plugins/Interchange/Runtime/Content/Materials/MapOrScalarFunction.uasset" 693
"../../../Engine/Plugins/Interchange/Runtime/Content/Materials/MapOrScalarFunction.uexp" 694
"../../../Engine/Plugins/Interchange/Runtime/Content/Materials/MapOrLinearColorFunction.uasset" 695
"../../../Engine/Plugins/Interchange/Runtime/Content/Materials/MapOrLinearColorFunction.uexp" 696
"../../../Engine/Plugins/Interchange/Runtime/Content/Materials/MapOrColorFunction.uasset" 697
"../../../Engine/Plugins/Interchange/Runtime/Content/Materials/MapOrColorFunction.uexp" 698
"../../../Engine/Plugins/Interchange/Runtime/Content/Materials/CommonMaterial.uasset" 699
"../../../Engine/Plugins/Interchange/Runtime/Content/Materials/CommonMaterial.uexp" 700
"../../../Engine/Plugins/Interchange/Runtime/Content/Materials/PBRSurfaceFunction.uasset" 701
"../../../Engine/Plugins/Interchange/Runtime/Content/Materials/PBRSurfaceFunction.uexp" 702
"../../../Engine/Plugins/Interchange/Runtime/Content/Materials/ThinTranslucentMaterial.uasset" 703
"../../../Engine/Plugins/Interchange/Runtime/Content/Materials/ThinTranslucentMaterial.uexp" 704
"../../../Engine/Plugins/Interchange/Runtime/Content/Materials/SubsurfaceMaterial.uasset" 705
"../../../Engine/Plugins/Interchange/Runtime/Content/Materials/SubsurfaceMaterial.uexp" 706
"../../../Engine/Plugins/Interchange/Runtime/Content/Materials/SheenMaterial.uasset" 707
"../../../Engine/Plugins/Interchange/Runtime/Content/Materials/SheenMaterial.uexp" 708
"../../../Engine/Content/Functions/Engine_MaterialFunctions01/Shading/ConvertFromDiffSpec.uasset" 709
"../../../Engine/Content/Functions/Engine_MaterialFunctions01/Shading/ConvertFromDiffSpec.uexp" 710
"../../../Engine/Plugins/Interchange/Runtime/Content/Materials/PhongSurfaceMaterial.uasset" 711
"../../../Engine/Plugins/Interchange/Runtime/Content/Materials/PhongSurfaceMaterial.uexp" 712
"../../../Engine/Plugins/Interchange/Runtime/Content/Materials/PBRSurfaceMaterial.uasset" 713
"../../../Engine/Plugins/Interchange/Runtime/Content/Materials/PBRSurfaceMaterial.uexp" 714
"../../../Engine/Content/EngineMaterials/FlatNormal.uasset" 715
"../../../Engine/Content/EngineMaterials/FlatNormal.uexp" 716
"../../../Engine/Content/EditorLandscapeResources/WhiteSquareTexture.uasset" 717
"../../../Engine/Content/EditorLandscapeResources/WhiteSquareTexture.uexp" 718
"../../../Engine/Plugins/Interchange/Runtime/Content/Materials/OrenNayerMaterial.uasset" 719
"../../../Engine/Plugins/Interchange/Runtime/Content/Materials/OrenNayerMaterial.uexp" 720
"../../../Engine/Plugins/Interchange/Runtime/Content/Materials/LambertSurfaceMaterial.uasset" 721
"../../../Engine/Plugins/Interchange/Runtime/Content/Materials/LambertSurfaceMaterial.uexp" 722
"../../../Engine/Plugins/Interchange/Runtime/Content/Materials/ClearCoatMaterial.uasset" 723
"../../../Engine/Plugins/Interchange/Runtime/Content/Materials/ClearCoatMaterial.uexp" 724
"../../../Engine/Plugins/Interchange/Runtime/Content/Pipelines/DefaultTexturePipeline.uasset" 725
"../../../Engine/Plugins/Interchange/Runtime/Content/Pipelines/DefaultTexturePipeline.uexp" 726
"../../../Engine/Plugins/Interchange/Runtime/Content/Pipelines/DefaultSceneLevelPipeline.uasset" 727
"../../../Engine/Plugins/Interchange/Runtime/Content/Pipelines/DefaultSceneLevelPipeline.uexp" 728
"../../../Engine/Plugins/Interchange/Runtime/Content/Pipelines/DefaultSceneAssetsPipeline.uasset" 729
"../../../Engine/Plugins/Interchange/Runtime/Content/Pipelines/DefaultSceneAssetsPipeline.uexp" 730
"../../../Engine/Plugins/Interchange/Runtime/Content/Pipelines/DefaultMaterialPipeline.uasset" 731
"../../../Engine/Plugins/Interchange/Runtime/Content/Pipelines/DefaultMaterialPipeline.uexp" 732
"../../../Engine/Plugins/Interchange/Runtime/Content/Pipelines/DefaultAssetsPipeline.uasset" 733
"../../../Engine/Plugins/Interchange/Runtime/Content/Pipelines/DefaultAssetsPipeline.uexp" 734
"../../../Engine/Plugins/Runtime/MeshModelingToolset/Content/Materials/M_DynamicMeshComponentVtxColor.uasset" 735
"../../../Engine/Plugins/Runtime/MeshModelingToolset/Content/Materials/M_DynamicMeshComponentVtxColor.uexp" 736
"../../../Engine/Content/Maps/Entry_BuiltData.uasset" 737
"../../../Engine/Content/Maps/Entry_BuiltData.uexp" 738
"../../../Engine/Content/Maps/Entry.uexp" 739
"../../../Engine/Content/Maps/Entry.umap" 740
"../../../Engine/Content/BasicShapes/Cylinder.ubulk" 741
"../../../Engine/Content/BasicShapes/Cylinder.uasset" 742
"../../../Engine/Content/BasicShapes/Cylinder.uexp" 743
"C:/Users/Studio B/Desktop/project/Content/StarterContent/Textures/T_Frame_M.ubulk" 744
"C:/Users/Studio B/Desktop/project/Content/StarterContent/Textures/T_Frame_M.uasset" 745
"C:/Users/Studio B/Desktop/project/Content/StarterContent/Textures/T_Frame_M.uexp" 746
"C:/Users/Studio B/Desktop/project/Content/StarterContent/Textures/T_Frame_N.ubulk" 747
"C:/Users/Studio B/Desktop/project/Content/StarterContent/Textures/T_Frame_N.uasset" 748
"C:/Users/Studio B/Desktop/project/Content/StarterContent/Textures/T_Frame_N.uexp" 749
"C:/Users/Studio B/Desktop/project/Content/StarterContent/Props/Materials/M_Frame.uasset" 750
"C:/Users/Studio B/Desktop/project/Content/StarterContent/Props/Materials/M_Frame.uexp" 751
"C:/Users/Studio B/Desktop/project/Content/StarterContent/Props/SM_DoorFrame.ubulk" 752
"C:/Users/Studio B/Desktop/project/Content/StarterContent/Props/SM_DoorFrame.uasset" 753
"C:/Users/Studio B/Desktop/project/Content/StarterContent/Props/SM_DoorFrame.uexp" 754
"C:/Users/Studio B/Desktop/project/Content/StarterContent/Materials/M_Basic_Wall.uasset" 755
"C:/Users/Studio B/Desktop/project/Content/StarterContent/Materials/M_Basic_Wall.uexp" 756
"C:/Users/Studio B/Desktop/project/Content/StarterContent/Architecture/Wall_Door_400x300.ubulk" 757
"C:/Users/Studio B/Desktop/project/Content/StarterContent/Architecture/Wall_Door_400x300.uasset" 758
"C:/Users/Studio B/Desktop/project/Content/StarterContent/Architecture/Wall_Door_400x300.uexp" 759
"C:/Users/Studio B/Desktop/project/Content/StarterContent/Architecture/Wall_400x400.ubulk" 760
"C:/Users/Studio B/Desktop/project/Content/StarterContent/Architecture/Wall_400x400.uasset" 761
"C:/Users/Studio B/Desktop/project/Content/StarterContent/Architecture/Wall_400x400.uexp" 762
"../../../Engine/Content/Functions/Engine_MaterialFunctions02/Utility/BlendAngleCorrectedNormals.uasset" 763
"../../../Engine/Content/Functions/Engine_MaterialFunctions02/Utility/BlendAngleCorrectedNormals.uexp" 764
"C:/Users/Studio B/Desktop/project/Content/StarterContent/Textures/T_Metal_Rust_N.ubulk" 765
"C:/Users/Studio B/Desktop/project/Content/StarterContent/Textures/T_Metal_Rust_N.uasset" 766
"C:/Users/Studio B/Desktop/project/Content/StarterContent/Textures/T_Metal_Rust_N.uexp" 767
"C:/Users/Studio B/Desktop/project/Content/StarterContent/Textures/T_Metal_Rust_D.ubulk" 768
"C:/Users/Studio B/Desktop/project/Content/StarterContent/Textures/T_Metal_Rust_D.uasset" 769
"C:/Users/Studio B/Desktop/project/Content/StarterContent/Textures/T_Metal_Rust_D.uexp" 770
"C:/Users/Studio B/Desktop/project/Content/StarterContent/Textures/T_MacroVariation.uasset" 771
"C:/Users/Studio B/Desktop/project/Content/StarterContent/Textures/T_MacroVariation.uexp" 772
"C:/Users/Studio B/Desktop/project/Content/StarterContent/Materials/M_Metal_Rust.uasset" 773
"C:/Users/Studio B/Desktop/project/Content/StarterContent/Materials/M_Metal_Rust.uexp" 774
"C:/Users/Studio B/Desktop/project/Content/StarterContent/Textures/T_Fire_Tiled_D.ubulk" 775
"C:/Users/Studio B/Desktop/project/Content/StarterContent/Textures/T_Fire_Tiled_D.uasset" 776
"C:/Users/Studio B/Desktop/project/Content/StarterContent/Textures/T_Fire_Tiled_D.uexp" 777
"C:/Users/Studio B/Desktop/project/Content/StarterContent/Textures/T_Fire_SubUV.ubulk" 778
"C:/Users/Studio B/Desktop/project/Content/StarterContent/Textures/T_Fire_SubUV.uasset" 779
"C:/Users/Studio B/Desktop/project/Content/StarterContent/Textures/T_Fire_SubUV.uexp" 780
"C:/Users/Studio B/Desktop/project/Content/StarterContent/Particles/Materials/M_Fire_SubUV.uasset" 781
"C:/Users/Studio B/Desktop/project/Content/StarterContent/Particles/Materials/M_Fire_SubUV.uexp" 782
"C:/Users/Studio B/Desktop/project/Content/StarterContent/Textures/T_Smoke_SubUV.ubulk" 783
"C:/Users/Studio B/Desktop/project/Content/StarterContent/Textures/T_Smoke_SubUV.uasset" 784
"C:/Users/Studio B/Desktop/project/Content/StarterContent/Textures/T_Smoke_SubUV.uexp" 785
"C:/Users/Studio B/Desktop/project/Content/StarterContent/Textures/T_Smoke_Tiled_D.ubulk" 786
"C:/Users/Studio B/Desktop/project/Content/StarterContent/Textures/T_Smoke_Tiled_D.uasset" 787
"C:/Users/Studio B/Desktop/project/Content/StarterContent/Textures/T_Smoke_Tiled_D.uexp" 788
"C:/Users/Studio B/Desktop/project/Content/StarterContent/Particles/Materials/M_smoke_subUV.uasset" 789
"C:/Users/Studio B/Desktop/project/Content/StarterContent/Particles/Materials/M_smoke_subUV.uexp" 790
"C:/Users/Studio B/Desktop/project/Content/StarterContent/Textures/T_Water_N.ubulk" 791
"C:/Users/Studio B/Desktop/project/Content/StarterContent/Textures/T_Water_N.uasset" 792
"C:/Users/Studio B/Desktop/project/Content/StarterContent/Textures/T_Water_N.uexp" 793
"C:/Users/Studio B/Desktop/project/Content/StarterContent/Particles/Materials/M_Heat_Distortion.uasset" 794
"C:/Users/Studio B/Desktop/project/Content/StarterContent/Particles/Materials/M_Heat_Distortion.uexp" 795
"../../../Engine/Content/Functions/Engine_MaterialFunctions01/Gradient/RadialGradient.uasset" 796
"../../../Engine/Content/Functions/Engine_MaterialFunctions01/Gradient/RadialGradient.uexp" 797
"C:/Users/Studio B/Desktop/project/Content/StarterContent/Particles/Materials/M_Radial_Gradient.uasset" 798
"C:/Users/Studio B/Desktop/project/Content/StarterContent/Particles/Materials/M_Radial_Gradient.uexp" 799
"C:/Users/Studio B/Desktop/project/Content/StarterContent/Particles/P_Fire.uasset" 800
"C:/Users/Studio B/Desktop/project/Content/StarterContent/Particles/P_Fire.uexp" 801
"C:/Users/Studio B/Desktop/project/Content/StarterContent/Textures/T_Lamp_N.ubulk" 802
"C:/Users/Studio B/Desktop/project/Content/StarterContent/Textures/T_Lamp_N.uasset" 803
"C:/Users/Studio B/Desktop/project/Content/StarterContent/Textures/T_Lamp_N.uexp" 804
"C:/Users/Studio B/Desktop/project/Content/StarterContent/Textures/T_Lamp_M.ubulk" 805
"C:/Users/Studio B/Desktop/project/Content/StarterContent/Textures/T_Lamp_M.uasset" 806
"C:/Users/Studio B/Desktop/project/Content/StarterContent/Textures/T_Lamp_M.uexp" 807
"C:/Users/Studio B/Desktop/project/Content/StarterContent/Props/Materials/M_Lamp.uasset" 808
"C:/Users/Studio B/Desktop/project/Content/StarterContent/Props/Materials/M_Lamp.uexp" 809
"C:/Users/Studio B/Desktop/project/Content/StarterContent/Props/SM_Lamp_Ceiling.ubulk" 810
"C:/Users/Studio B/Desktop/project/Content/StarterContent/Props/SM_Lamp_Ceiling.uasset" 811
"C:/Users/Studio B/Desktop/project/Content/StarterContent/Props/SM_Lamp_Ceiling.uexp" 812
"C:/Users/Studio B/Desktop/project/Content/StarterContent/Audio/Explosion01.ubulk" 813
"C:/Users/Studio B/Desktop/project/Content/StarterContent/Audio/Explosion01.uasset" 814
"C:/Users/Studio B/Desktop/project/Content/StarterContent/Audio/Explosion01.uexp" 815
"C:/Users/Studio B/Desktop/project/Content/materials/M_RedColor.uasset" 816
"C:/Users/Studio B/Desktop/project/Content/materials/M_RedColor.uexp" 817
"C:/Users/Studio B/Desktop/project/Content/StarterContent/Materials/M_Basic_Floor.uasset" 818
"C:/Users/Studio B/Desktop/project/Content/StarterContent/Materials/M_Basic_Floor.uexp" 819
"C:/Users/Studio B/Desktop/project/Content/StarterContent/Architecture/Floor_400x400.ubulk" 820
"C:/Users/Studio B/Desktop/project/Content/StarterContent/Architecture/Floor_400x400.uasset" 821
"C:/Users/Studio B/Desktop/project/Content/StarterContent/Architecture/Floor_400x400.uexp" 822
"C:/Users/Studio B/Desktop/project/Content/blueprints/W_WidgetInterface.uasset" 823
"C:/Users/Studio B/Desktop/project/Content/blueprints/W_WidgetInterface.uexp" 824
"C:/Users/Studio B/Desktop/project/Content/FirstPerson/Input/Actions/IA_Look.uasset" 825
"C:/Users/Studio B/Desktop/project/Content/FirstPerson/Input/Actions/IA_Look.uexp" 826
"../../../Engine/Content/Functions/MaterialLayerFunctions/MatLayerBlend_NormalBlend.uasset" 827
"../../../Engine/Content/Functions/MaterialLayerFunctions/MatLayerBlend_NormalBlend.uexp" 828
"C:/Users/Studio B/Desktop/project/Content/FirstPersonArms/Character/Materials/MaterialLayers/T_ML_Rubber_Blue_01_N.ubulk" 829
"C:/Users/Studio B/Desktop/project/Content/FirstPersonArms/Character/Materials/MaterialLayers/T_ML_Rubber_Blue_01_N.uasset" 830
"C:/Users/Studio B/Desktop/project/Content/FirstPersonArms/Character/Materials/MaterialLayers/T_ML_Rubber_Blue_01_N.uexp" 831
"C:/Users/Studio B/Desktop/project/Content/FirstPersonArms/Character/Materials/MaterialLayers/T_ML_Rubber_Blue_01_D.ubulk" 832
"C:/Users/Studio B/Desktop/project/Content/FirstPersonArms/Character/Materials/MaterialLayers/T_ML_Rubber_Blue_01_D.uasset" 833
"C:/Users/Studio B/Desktop/project/Content/FirstPersonArms/Character/Materials/MaterialLayers/T_ML_Rubber_Blue_01_D.uexp" 834
"C:/Users/Studio B/Desktop/project/Content/FirstPersonArms/Character/Materials/MaterialLayers/ML_GlossyBlack_Latex_UE4.uasset" 835
"C:/Users/Studio B/Desktop/project/Content/FirstPersonArms/Character/Materials/MaterialLayers/ML_GlossyBlack_Latex_UE4.uexp" 836
"C:/Users/Studio B/Desktop/project/Content/FirstPersonArms/Character/Textures/UE4_Mannequin_MAT_MASKA.ubulk" 837
"C:/Users/Studio B/Desktop/project/Content/FirstPersonArms/Character/Textures/UE4_Mannequin_MAT_MASKA.uasset" 838
"C:/Users/Studio B/Desktop/project/Content/FirstPersonArms/Character/Textures/UE4_Mannequin_MAT_MASKA.uexp" 839
"C:/Users/Studio B/Desktop/project/Content/FirstPersonArms/Character/Textures/UE4_LOGO_CARD.ubulk" 840
"C:/Users/Studio B/Desktop/project/Content/FirstPersonArms/Character/Textures/UE4_LOGO_CARD.uasset" 841
"C:/Users/Studio B/Desktop/project/Content/FirstPersonArms/Character/Textures/UE4_LOGO_CARD.uexp" 842
"C:/Users/Studio B/Desktop/project/Content/FirstPersonArms/Character/Materials/MaterialLayers/ML_Plastic_Shiny_Beige_LOGO.uasset" 843
"C:/Users/Studio B/Desktop/project/Content/FirstPersonArms/Character/Materials/MaterialLayers/ML_Plastic_Shiny_Beige_LOGO.uexp" 844
"../../../Engine/Content/Functions/MaterialLayerFunctions/MatLayerBlend_Simple.uasset" 845
"../../../Engine/Content/Functions/MaterialLayerFunctions/MatLayerBlend_Simple.uexp" 846
"C:/Users/Studio B/Desktop/project/Content/FirstPersonArms/Character/Materials/MaterialLayers/T_ML_Aluminum01.ubulk" 847
"C:/Users/Studio B/Desktop/project/Content/FirstPersonArms/Character/Materials/MaterialLayers/T_ML_Aluminum01.uasset" 848
"C:/Users/Studio B/Desktop/project/Content/FirstPersonArms/Character/Materials/MaterialLayers/T_ML_Aluminum01.uexp" 849
"C:/Users/Studio B/Desktop/project/Content/FirstPersonArms/Character/Materials/MaterialLayers/T_ML_Aluminum01_N.ubulk" 850
"C:/Users/Studio B/Desktop/project/Content/FirstPersonArms/Character/Materials/MaterialLayers/T_ML_Aluminum01_N.uasset" 851
"C:/Users/Studio B/Desktop/project/Content/FirstPersonArms/Character/Materials/MaterialLayers/T_ML_Aluminum01_N.uexp" 852
"C:/Users/Studio B/Desktop/project/Content/FirstPersonArms/Character/Materials/MaterialLayers/ML_SoftMetal_UE4.uasset" 853
"C:/Users/Studio B/Desktop/project/Content/FirstPersonArms/Character/Materials/MaterialLayers/ML_SoftMetal_UE4.uexp" 854
"C:/Users/Studio B/Desktop/project/Content/FirstPersonArms/Character/Materials/MaterialLayers/ML_Plastic_Shiny_Beige.uasset" 855
"C:/Users/Studio B/Desktop/project/Content/FirstPersonArms/Character/Materials/MaterialLayers/ML_Plastic_Shiny_Beige.uexp" 856
"C:/Users/Studio B/Desktop/project/Content/FirstPersonArms/Character/Textures/UE4_Mannequin__normals.ubulk" 857
"C:/Users/Studio B/Desktop/project/Content/FirstPersonArms/Character/Textures/UE4_Mannequin__normals.uasset" 858
"C:/Users/Studio B/Desktop/project/Content/FirstPersonArms/Character/Textures/UE4_Mannequin__normals.uexp" 859
"C:/Users/Studio B/Desktop/project/Content/FirstPersonArms/Character/Materials/M_UE4Man_Body.uasset" 860
"C:/Users/Studio B/Desktop/project/Content/FirstPersonArms/Character/Materials/M_UE4Man_Body.uexp" 861
"C:/Users/Studio B/Desktop/project/Content/FirstPersonArms/Character/Mesh/SK_Mannequin_Arms_PhysicsAsset.uasset" 862
"C:/Users/Studio B/Desktop/project/Content/FirstPersonArms/Character/Mesh/SK_Mannequin_Arms_PhysicsAsset.uexp" 863
"C:/Users/Studio B/Desktop/project/Content/FirstPersonArms/Character/Mesh/SK_Mannequin_Arms_Skeleton.uasset" 864
"C:/Users/Studio B/Desktop/project/Content/FirstPersonArms/Character/Mesh/SK_Mannequin_Arms_Skeleton.uexp" 865
"C:/Users/Studio B/Desktop/project/Content/FirstPersonArms/Character/Mesh/SK_Mannequin_Arms.uasset" 866
"C:/Users/Studio B/Desktop/project/Content/FirstPersonArms/Character/Mesh/SK_Mannequin_Arms.uexp" 867
"C:/Users/Studio B/Desktop/project/Content/FirstPerson/Input/Actions/IA_Move.uasset" 868
"C:/Users/Studio B/Desktop/project/Content/FirstPerson/Input/Actions/IA_Move.uexp" 869
"C:/Users/Studio B/Desktop/project/Content/FirstPerson/Input/Actions/IA_Jump.uasset" 870
"C:/Users/Studio B/Desktop/project/Content/FirstPerson/Input/Actions/IA_Jump.uexp" 871
"C:/Users/Studio B/Desktop/project/Content/FirstPerson/Input/IMC_Default.uasset" 872
"C:/Users/Studio B/Desktop/project/Content/FirstPerson/Input/IMC_Default.uexp" 873
"../../../Engine/Content/EditorBlueprintResources/StandardMacros.uasset" 874
"../../../Engine/Content/EditorBlueprintResources/StandardMacros.uexp" 875
"C:/Users/Studio B/Desktop/project/Content/blueprints/BP_SubtractionDeliveryPickUp.uasset" 876
"C:/Users/Studio B/Desktop/project/Content/blueprints/BP_SubtractionDeliveryPickUp.uexp" 877
"../../../Engine/Content/Animation/DefaultAnimCurveCompressionSettings.uasset" 878
"../../../Engine/Content/Animation/DefaultAnimCurveCompressionSettings.uexp" 879
"../../../Engine/Content/Animation/DefaultAnimBoneCompressionSettings.uasset" 880
"../../../Engine/Content/Animation/DefaultAnimBoneCompressionSettings.uexp" 881
"C:/Users/Studio B/Desktop/project/Content/FirstPersonArms/Animations/FP_Rifle_Idle.uasset" 882
"C:/Users/Studio B/Desktop/project/Content/FirstPersonArms/Animations/FP_Rifle_Idle.uexp" 883
"C:/Users/Studio B/Desktop/project/Content/FirstPersonArms/Animations/FP_Rifle_Land.uasset" 884
"C:/Users/Studio B/Desktop/project/Content/FirstPersonArms/Animations/FP_Rifle_Land.uexp" 885
"C:/Users/Studio B/Desktop/project/Content/FirstPersonArms/Animations/FP_Rifle_Run.uasset" 886
"C:/Users/Studio B/Desktop/project/Content/FirstPersonArms/Animations/FP_Rifle_Run.uexp" 887
"C:/Users/Studio B/Desktop/project/Content/FirstPersonArms/Animations/FP_Rifle_Falling.uasset" 888
"C:/Users/Studio B/Desktop/project/Content/FirstPersonArms/Animations/FP_Rifle_Falling.uexp" 889
"../../../Engine/Content/Animation/DefaultRecorderBoneCompression.uasset" 890
"../../../Engine/Content/Animation/DefaultRecorderBoneCompression.uexp" 891
"C:/Users/Studio B/Desktop/project/Content/FirstPersonArms/Animations/FP_Idle.uasset" 892
"C:/Users/Studio B/Desktop/project/Content/FirstPersonArms/Animations/FP_Idle.uexp" 893
"C:/Users/Studio B/Desktop/project/Content/FirstPersonArms/Animations/FP_Jump.uasset" 894
"C:/Users/Studio B/Desktop/project/Content/FirstPersonArms/Animations/FP_Jump.uexp" 895
"C:/Users/Studio B/Desktop/project/Content/FirstPersonArms/Animations/FP_Run_Fwd.uasset" 896
"C:/Users/Studio B/Desktop/project/Content/FirstPersonArms/Animations/FP_Run_Fwd.uexp" 897
"C:/Users/Studio B/Desktop/project/Content/FirstPersonArms/Animations/FP_Land.uasset" 898
"C:/Users/Studio B/Desktop/project/Content/FirstPersonArms/Animations/FP_Land.uexp" 899
"C:/Users/Studio B/Desktop/project/Content/FirstPersonArms/Animations/FP_Falling.uasset" 900
"C:/Users/Studio B/Desktop/project/Content/FirstPersonArms/Animations/FP_Falling.uexp" 901
"C:/Users/Studio B/Desktop/project/Content/FirstPersonArms/Animations/FP_Rifle_Jump.uasset" 902
"C:/Users/Studio B/Desktop/project/Content/FirstPersonArms/Animations/FP_Rifle_Jump.uexp" 903
"C:/Users/Studio B/Desktop/project/Content/FirstPersonArms/Animations/FirstPerson_AnimBP.uasset" 904
"C:/Users/Studio B/Desktop/project/Content/FirstPersonArms/Animations/FirstPerson_AnimBP.uexp" 905
"C:/Users/Studio B/Desktop/project/Content/FirstPerson/Blueprints/BP_FirstPersonCharacter.uasset" 906
"C:/Users/Studio B/Desktop/project/Content/FirstPerson/Blueprints/BP_FirstPersonCharacter.uexp" 907
"C:/Users/Studio B/Desktop/project/Content/blueprints/BP_SmartSubstract.uasset" 908
"C:/Users/Studio B/Desktop/project/Content/blueprints/BP_SmartSubstract.uexp" 909
"C:/Users/Studio B/Desktop/project/Content/StarterContent/Textures/T_Brick_Clay_Beveled_M.ubulk" 910
"C:/Users/Studio B/Desktop/project/Content/StarterContent/Textures/T_Brick_Clay_Beveled_M.uasset" 911
"C:/Users/Studio B/Desktop/project/Content/StarterContent/Textures/T_Brick_Clay_Beveled_M.uexp" 912
"C:/Users/Studio B/Desktop/project/Content/StarterContent/Textures/T_Brick_Clay_Beveled_N.ubulk" 913
"C:/Users/Studio B/Desktop/project/Content/StarterContent/Textures/T_Brick_Clay_Beveled_N.uasset" 914
"C:/Users/Studio B/Desktop/project/Content/StarterContent/Textures/T_Brick_Clay_Beveled_N.uexp" 915
"C:/Users/Studio B/Desktop/project/Content/StarterContent/Textures/T_Brick_Clay_Beveled_D.ubulk" 916
"C:/Users/Studio B/Desktop/project/Content/StarterContent/Textures/T_Brick_Clay_Beveled_D.uasset" 917
"C:/Users/Studio B/Desktop/project/Content/StarterContent/Textures/T_Brick_Clay_Beveled_D.uexp" 918
"C:/Users/Studio B/Desktop/project/Content/StarterContent/Materials/M_Brick_Clay_Beveled.uasset" 919
"C:/Users/Studio B/Desktop/project/Content/StarterContent/Materials/M_Brick_Clay_Beveled.uexp" 920
"C:/Users/Studio B/Desktop/project/Content/StarterContent/Shapes/Shape_Pipe_180.ubulk" 921
"C:/Users/Studio B/Desktop/project/Content/StarterContent/Shapes/Shape_Pipe_180.uasset" 922
"C:/Users/Studio B/Desktop/project/Content/StarterContent/Shapes/Shape_Pipe_180.uexp" 923
"C:/Users/Studio B/Desktop/project/Content/materials/M_GlowMaterial.uasset" 924
"C:/Users/Studio B/Desktop/project/Content/materials/M_GlowMaterial.uexp" 925
"C:/Users/Studio B/Desktop/project/Content/blueprints/BP_SmartPickUp.uasset" 926
"C:/Users/Studio B/Desktop/project/Content/blueprints/BP_SmartPickUp.uexp" 927
"../../../Engine/Content/EngineSky/T_Sky_Stars.ubulk" 928
"../../../Engine/Content/EngineSky/T_Sky_Stars.uasset" 929
"../../../Engine/Content/EngineSky/T_Sky_Stars.uexp" 930
"../../../Engine/Content/EngineSky/T_Sky_Clouds_M.ubulk" 931
"../../../Engine/Content/EngineSky/T_Sky_Clouds_M.uasset" 932
"../../../Engine/Content/EngineSky/T_Sky_Clouds_M.uexp" 933
"../../../Engine/Content/EngineSky/T_Sky_Blue.ubulk" 934
"../../../Engine/Content/EngineSky/T_Sky_Blue.uasset" 935
"../../../Engine/Content/EngineSky/T_Sky_Blue.uexp" 936
"../../../Engine/Content/EngineSky/M_Sky_Panning_Clouds2.uasset" 937
"../../../Engine/Content/EngineSky/M_Sky_Panning_Clouds2.uexp" 938
"../../../Engine/Content/EngineSky/SM_SkySphere.ubulk" 939
"../../../Engine/Content/EngineSky/SM_SkySphere.uasset" 940
"../../../Engine/Content/EngineSky/SM_SkySphere.uexp" 941
"C:/Users/Studio B/Desktop/project/Content/StarterContent/Architecture/Wall_400x200.ubulk" 942
"C:/Users/Studio B/Desktop/project/Content/StarterContent/Architecture/Wall_400x200.uasset" 943
"C:/Users/Studio B/Desktop/project/Content/StarterContent/Architecture/Wall_400x200.uexp" 944
"C:/Users/Studio B/Desktop/project/Content/StarterContent/Materials/M_Glass.uasset" 945
"C:/Users/Studio B/Desktop/project/Content/StarterContent/Materials/M_Glass.uexp" 946
"C:/Users/Studio B/Desktop/project/Content/StarterContent/Textures/T_Statue_M.ubulk" 947
"C:/Users/Studio B/Desktop/project/Content/StarterContent/Textures/T_Statue_M.uasset" 948
"C:/Users/Studio B/Desktop/project/Content/StarterContent/Textures/T_Statue_M.uexp" 949
"C:/Users/Studio B/Desktop/project/Content/StarterContent/Textures/T_Statue_N.ubulk" 950
"C:/Users/Studio B/Desktop/project/Content/StarterContent/Textures/T_Statue_N.uasset" 951
"C:/Users/Studio B/Desktop/project/Content/StarterContent/Textures/T_Statue_N.uexp" 952
"C:/Users/Studio B/Desktop/project/Content/StarterContent/Props/Materials/M_Statue.uasset" 953
"C:/Users/Studio B/Desktop/project/Content/StarterContent/Props/Materials/M_Statue.uexp" 954
"C:/Users/Studio B/Desktop/project/Content/StarterContent/Textures/T_Perlin_Noise_M.ubulk" 955
"C:/Users/Studio B/Desktop/project/Content/StarterContent/Textures/T_Perlin_Noise_M.uasset" 956
"C:/Users/Studio B/Desktop/project/Content/StarterContent/Textures/T_Perlin_Noise_M.uexp" 957
"C:/Users/Studio B/Desktop/project/Content/StarterContent/Textures/T_Rock_Sandstone_N.ubulk" 958
"C:/Users/Studio B/Desktop/project/Content/StarterContent/Textures/T_Rock_Sandstone_N.uasset" 959
"C:/Users/Studio B/Desktop/project/Content/StarterContent/Textures/T_Rock_Sandstone_N.uexp" 960
"C:/Users/Studio B/Desktop/project/Content/StarterContent/Textures/T_Rock_Sandstone_D.ubulk" 961
"C:/Users/Studio B/Desktop/project/Content/StarterContent/Textures/T_Rock_Sandstone_D.uasset" 962
"C:/Users/Studio B/Desktop/project/Content/StarterContent/Textures/T_Rock_Sandstone_D.uexp" 963
"C:/Users/Studio B/Desktop/project/Content/StarterContent/Materials/M_Rock_Sandstone.uasset" 964
"C:/Users/Studio B/Desktop/project/Content/StarterContent/Materials/M_Rock_Sandstone.uexp" 965
"C:/Users/Studio B/Desktop/project/Content/StarterContent/Textures/T_Wood_Walnut_N.ubulk" 966
"C:/Users/Studio B/Desktop/project/Content/StarterContent/Textures/T_Wood_Walnut_N.uasset" 967
"C:/Users/Studio B/Desktop/project/Content/StarterContent/Textures/T_Wood_Walnut_N.uexp" 968
"C:/Users/Studio B/Desktop/project/Content/StarterContent/Textures/T_Wood_Walnut_D.ubulk" 969
"C:/Users/Studio B/Desktop/project/Content/StarterContent/Textures/T_Wood_Walnut_D.uasset" 970
"C:/Users/Studio B/Desktop/project/Content/StarterContent/Textures/T_Wood_Walnut_D.uexp" 971
"C:/Users/Studio B/Desktop/project/Content/StarterContent/Materials/M_Wood_Walnut.uasset" 972
"C:/Users/Studio B/Desktop/project/Content/StarterContent/Materials/M_Wood_Walnut.uexp" 973
"../../../Engine/Content/MapTemplates/SM_Template_Map_Floor.ubulk" 974
"../../../Engine/Content/MapTemplates/SM_Template_Map_Floor.uasset" 975
"../../../Engine/Content/MapTemplates/SM_Template_Map_Floor.uexp" 976
"C:/Users/Studio B/Desktop/project/Content/StarterContent/Props/SM_WindowFrame.ubulk" 977
"C:/Users/Studio B/Desktop/project/Content/StarterContent/Props/SM_WindowFrame.uasset" 978
"C:/Users/Studio B/Desktop/project/Content/StarterContent/Props/SM_WindowFrame.uexp" 979
"C:/Users/Studio B/Desktop/project/Content/StarterContent/Props/SM_Lamp_Wall.ubulk" 980
"C:/Users/Studio B/Desktop/project/Content/StarterContent/Props/SM_Lamp_Wall.uasset" 981
"C:/Users/Studio B/Desktop/project/Content/StarterContent/Props/SM_Lamp_Wall.uexp" 982
"C:/Users/Studio B/Desktop/project/Content/StarterContent/Props/BP_myPointLight.uasset" 983
"C:/Users/Studio B/Desktop/project/Content/StarterContent/Props/BP_myPointLight.uexp" 984
"C:/Users/Studio B/Desktop/project/Content/StarterContent/Blueprints/Blueprint_WallSconce.uasset" 985
"C:/Users/Studio B/Desktop/project/Content/StarterContent/Blueprints/Blueprint_WallSconce.uexp" 986
"C:/Users/Studio B/Desktop/project/Content/StarterContent/Textures/T_TableRound_N.ubulk" 987
"C:/Users/Studio B/Desktop/project/Content/StarterContent/Textures/T_TableRound_N.uasset" 988
"C:/Users/Studio B/Desktop/project/Content/StarterContent/Textures/T_TableRound_N.uexp" 989
"C:/Users/Studio B/Desktop/project/Content/StarterContent/Textures/T_TableRound_M.ubulk" 990
"C:/Users/Studio B/Desktop/project/Content/StarterContent/Textures/T_TableRound_M.uasset" 991
"C:/Users/Studio B/Desktop/project/Content/StarterContent/Textures/T_TableRound_M.uexp" 992
"C:/Users/Studio B/Desktop/project/Content/StarterContent/Props/Materials/M_TableRound.uasset" 993
"C:/Users/Studio B/Desktop/project/Content/StarterContent/Props/Materials/M_TableRound.uexp" 994
"C:/Users/Studio B/Desktop/project/Content/StarterContent/Props/SM_TableRound.ubulk" 995
"C:/Users/Studio B/Desktop/project/Content/StarterContent/Props/SM_TableRound.uasset" 996
"C:/Users/Studio B/Desktop/project/Content/StarterContent/Props/SM_TableRound.uexp" 997
"C:/Users/Studio B/Desktop/project/Content/levels/room_night_BuiltData.ubulk" 998
"C:/Users/Studio B/Desktop/project/Content/levels/room_night_BuiltData.uasset" 999
"C:/Users/Studio B/Desktop/project/Content/levels/room_night_BuiltData.uexp" 1000
"C:/Users/Studio B/Desktop/project/Content/StarterContent/Architecture/Wall_Window_400x300.ubulk" 1001
"C:/Users/Studio B/Desktop/project/Content/StarterContent/Architecture/Wall_Window_400x300.uasset" 1002
"C:/Users/Studio B/Desktop/project/Content/StarterContent/Architecture/Wall_Window_400x300.uexp" 1003
"C:/Users/Studio B/Desktop/project/Content/StarterContent/Textures/T_Door_N.ubulk" 1004
"C:/Users/Studio B/Desktop/project/Content/StarterContent/Textures/T_Door_N.uasset" 1005
"C:/Users/Studio B/Desktop/project/Content/StarterContent/Textures/T_Door_N.uexp" 1006
"C:/Users/Studio B/Desktop/project/Content/StarterContent/Textures/T_Door_M.ubulk" 1007
"C:/Users/Studio B/Desktop/project/Content/StarterContent/Textures/T_Door_M.uasset" 1008
"C:/Users/Studio B/Desktop/project/Content/StarterContent/Textures/T_Door_M.uexp" 1009
"C:/Users/Studio B/Desktop/project/Content/StarterContent/Props/Materials/M_Door.uasset" 1010
"C:/Users/Studio B/Desktop/project/Content/StarterContent/Props/Materials/M_Door.uexp" 1011
"C:/Users/Studio B/Desktop/project/Content/StarterContent/Props/SM_Door.ubulk" 1012
"C:/Users/Studio B/Desktop/project/Content/StarterContent/Props/SM_Door.uasset" 1013
"C:/Users/Studio B/Desktop/project/Content/StarterContent/Props/SM_Door.uexp" 1014
"C:/Users/Studio B/Desktop/project/Content/StarterContent/Props/Materials/M_StatueGlass.uasset" 1015
"C:/Users/Studio B/Desktop/project/Content/StarterContent/Props/Materials/M_StatueGlass.uexp" 1016
"C:/Users/Studio B/Desktop/project/Content/StarterContent/Props/SM_Statue.ubulk" 1017
"C:/Users/Studio B/Desktop/project/Content/StarterContent/Props/SM_Statue.uasset" 1018
"C:/Users/Studio B/Desktop/project/Content/StarterContent/Props/SM_Statue.uexp" 1019
"C:/Users/Studio B/Desktop/project/Content/StarterContent/Textures/T_ground_Moss_D.ubulk" 1020
"C:/Users/Studio B/Desktop/project/Content/StarterContent/Textures/T_ground_Moss_D.uasset" 1021
"C:/Users/Studio B/Desktop/project/Content/StarterContent/Textures/T_ground_Moss_D.uexp" 1022
"C:/Users/Studio B/Desktop/project/Content/StarterContent/Textures/T_Ground_Moss_N.ubulk" 1023
"C:/Users/Studio B/Desktop/project/Content/StarterContent/Textures/T_Ground_Moss_N.uasset" 1024
"C:/Users/Studio B/Desktop/project/Content/StarterContent/Textures/T_Ground_Moss_N.uexp" 1025
"C:/Users/Studio B/Desktop/project/Content/StarterContent/Materials/M_Ground_Moss.uasset" 1026
"C:/Users/Studio B/Desktop/project/Content/StarterContent/Materials/M_Ground_Moss.uexp" 1027
"C:/Users/Studio B/Desktop/project/Content/StarterContent/Audio/Fire01.ubulk" 1028
"C:/Users/Studio B/Desktop/project/Content/StarterContent/Audio/Fire01.uasset" 1029
"C:/Users/Studio B/Desktop/project/Content/StarterContent/Audio/Fire01.uexp" 1030
"C:/Users/Studio B/Desktop/project/Content/StarterContent/Textures/T_Bush_N.ubulk" 1031
"C:/Users/Studio B/Desktop/project/Content/StarterContent/Textures/T_Bush_N.uasset" 1032
"C:/Users/Studio B/Desktop/project/Content/StarterContent/Textures/T_Bush_N.uexp" 1033
"C:/Users/Studio B/Desktop/project/Content/StarterContent/Textures/T_Bush_D.ubulk" 1034
"C:/Users/Studio B/Desktop/project/Content/StarterContent/Textures/T_Bush_D.uasset" 1035
"C:/Users/Studio B/Desktop/project/Content/StarterContent/Textures/T_Bush_D.uexp" 1036
"C:/Users/Studio B/Desktop/project/Content/StarterContent/Props/Materials/M_Bush.uasset" 1037
"C:/Users/Studio B/Desktop/project/Content/StarterContent/Props/Materials/M_Bush.uexp" 1038
"C:/Users/Studio B/Desktop/project/Content/StarterContent/Props/SM_Bush.ubulk" 1039
"C:/Users/Studio B/Desktop/project/Content/StarterContent/Props/SM_Bush.uasset" 1040
"C:/Users/Studio B/Desktop/project/Content/StarterContent/Props/SM_Bush.uexp" 1041
"C:/Users/Studio B/Desktop/project/Content/StarterContent/Props/SM_CornerFrame.ubulk" 1042
"C:/Users/Studio B/Desktop/project/Content/StarterContent/Props/SM_CornerFrame.uasset" 1043
"C:/Users/Studio B/Desktop/project/Content/StarterContent/Props/SM_CornerFrame.uexp" 1044
"../../../Engine/Content/EngineSky/M_SimpleSkyDome.uasset" 1045
"../../../Engine/Content/EngineSky/M_SimpleSkyDome.uexp" 1046
"C:/Users/Studio B/Desktop/project/Content/StarterContent/Textures/T_Chair_N.ubulk" 1047
"C:/Users/Studio B/Desktop/project/Content/StarterContent/Textures/T_Chair_N.uasset" 1048
"C:/Users/Studio B/Desktop/project/Content/StarterContent/Textures/T_Chair_N.uexp" 1049
"C:/Users/Studio B/Desktop/project/Content/StarterContent/Textures/T_Chair_M.ubulk" 1050
"C:/Users/Studio B/Desktop/project/Content/StarterContent/Textures/T_Chair_M.uasset" 1051
"C:/Users/Studio B/Desktop/project/Content/StarterContent/Textures/T_Chair_M.uexp" 1052
"C:/Users/Studio B/Desktop/project/Content/StarterContent/Props/Materials/M_Chair.uasset" 1053
"C:/Users/Studio B/Desktop/project/Content/StarterContent/Props/Materials/M_Chair.uexp" 1054
"C:/Users/Studio B/Desktop/project/Content/StarterContent/Props/SM_Chair.ubulk" 1055
"C:/Users/Studio B/Desktop/project/Content/StarterContent/Props/SM_Chair.uasset" 1056
"C:/Users/Studio B/Desktop/project/Content/StarterContent/Props/SM_Chair.uexp" 1057
"C:/Users/Studio B/Desktop/project/Content/levels/room_night.uexp" 1058
"C:/Users/Studio B/Desktop/project/Content/levels/room_night.umap" 1059
"C:/Users/Studio B/Desktop/project/Content/blueprints/WidgetMenu.uasset" 1060
"C:/Users/Studio B/Desktop/project/Content/blueprints/WidgetMenu.uexp" 1061
"C:/Users/Studio B/Desktop/project/Content/blueprints/BPMyOwnPawn.uasset" 1062
"C:/Users/Studio B/Desktop/project/Content/blueprints/BPMyOwnPawn.uexp" 1063
"C:/Users/Studio B/Desktop/project/Content/materials/M_MasterMaterialFather.uasset" 1064
"C:/Users/Studio B/Desktop/project/Content/materials/M_MasterMaterialFather.uexp" 1065
"C:/Users/Studio B/Desktop/project/Content/materials/MetallicChild.uasset" 1066
"C:/Users/Studio B/Desktop/project/Content/materials/MetallicChild.uexp" 1067
"C:/Users/Studio B/Desktop/project/Content/StarterContent/Shapes/Shape_QuadPyramid.ubulk" 1068
"C:/Users/Studio B/Desktop/project/Content/StarterContent/Shapes/Shape_QuadPyramid.uasset" 1069
"C:/Users/Studio B/Desktop/project/Content/StarterContent/Shapes/Shape_QuadPyramid.uexp" 1070
"C:/Users/Studio B/Desktop/project/Content/blueprints/BP_PickUp.uasset" 1071
"C:/Users/Studio B/Desktop/project/Content/blueprints/BP_PickUp.uexp" 1072
"C:/Users/Studio B/Desktop/project/Content/levels/MainMenu.uexp" 1073
"C:/Users/Studio B/Desktop/project/Content/levels/MainMenu.umap" 1074
"C:/Users/Studio B/Desktop/project/Content/levels/Level_Kitchen_BuiltData.ubulk" 1075
"C:/Users/Studio B/Desktop/project/Content/levels/Level_Kitchen_BuiltData.uasset" 1076
"C:/Users/Studio B/Desktop/project/Content/levels/Level_Kitchen_BuiltData.uexp" 1077
"C:/Users/Studio B/Desktop/project/Content/levels/Level_Kitchen.uexp" 1078
"C:/Users/Studio B/Desktop/project/Content/levels/Level_Kitchen.umap" 1079
